22:41:03.736 INFO - Launching a standalone Selenium Server
22:41:03.874 INFO - Java: Oracle Corporation 25.101-b13
22:41:03.874 INFO - OS: Windows 10 10.0 amd64
22:41:03.888 INFO - v2.50.1, with Core v2.50.1. Built from revision d7fc91b
22:41:03.946 INFO - Driver class not found: com.opera.core.systems.OperaDriver
22:41:03.946 INFO - Driver provider com.opera.core.systems.OperaDriver is not registered
22:41:03.954 INFO - Driver provider org.openqa.selenium.safari.SafariDriver registration is skipped:
registration capabilities Capabilities [{browserName=safari, version=, platform=MAC}] does not match the current platform WIN10
22:41:04.132 INFO - RemoteWebDriver instances should connect to: http://127.0.0.1:4444/wd/hub
22:41:04.132 INFO - Selenium Server is up and running
22:41:05.015 INFO - Executing: [new session: Capabilities [{acceptSslCerts=true, name=Test\linkedin Search And Apply Test, browserName=chrome, javascriptEnabled=true, platform=ANY}]])
22:41:05.024 INFO - Creating a new session for Capabilities [{acceptSslCerts=true, name=Test\linkedin Search And Apply Test, browserName=chrome, javascriptEnabled=true, platform=ANY}]
Starting ChromeDriver 2.30.477700 (0057494ad8732195794a7b32078424f92a5fce41) on port 16673
Only local connections are allowed.
22:41:09.118 INFO - Done: [new session: Capabilities [{acceptSslCerts=true, name=Test\linkedin Search And Apply Test, browserName=chrome, javascriptEnabled=true, platform=ANY}]]
22:41:11.154 INFO - Executing: [get: https://www.linkedin.com/])
22:41:13.170 INFO - Done: [get: https://www.linkedin.com/]
22:41:13.185 INFO - Executing: [find elements: By.cssSelector: body])
22:41:13.225 INFO - Done: [find elements: By.cssSelector: body]
22:41:20.238 INFO - Executing: [find elements: By.cssSelector: #login-email])
22:41:20.277 INFO - Done: [find elements: By.cssSelector: #login-email]
22:41:20.283 INFO - Executing: [find elements: By.cssSelector: #login-password])
22:41:20.312 INFO - Done: [find elements: By.cssSelector: #login-password]
22:41:20.322 INFO - Executing: [find element: By.cssSelector: input[id='login-email']])
22:41:20.357 INFO - Done: [find element: By.cssSelector: input[id='login-email']]
22:41:20.368 INFO - Executing: [send keys: 1 [[ChromeDriver: chrome on XP (9656bb631a6b64893907fe579b782822)] -> css selector: #login-email], [d, a, x, s, h, m, e, h, r, a, 1, 0, @, g, m, a, i, l, ., c, o, m]])
22:41:20.514 INFO - Done: [send keys: 1 [[ChromeDriver: chrome on XP (9656bb631a6b64893907fe579b782822)] -> css selector: #login-email], [d, a, x, s, h, m, e, h, r, a, 1, 0, @, g, m, a, i, l, ., c, o, m]]
22:41:20.521 INFO - Executing: [find element: By.cssSelector: input[id='login-password']])
22:41:20.554 INFO - Done: [find element: By.cssSelector: input[id='login-password']]
22:41:20.560 INFO - Executing: [send keys: 2 [[ChromeDriver: chrome on XP (9656bb631a6b64893907fe579b782822)] -> css selector: #login-password], [t, h, a, n, k, y, o, u, U, n, i, v, e, r, s, e]])
22:41:20.671 INFO - Done: [send keys: 2 [[ChromeDriver: chrome on XP (9656bb631a6b64893907fe579b782822)] -> css selector: #login-password], [t, h, a, n, k, y, o, u, U, n, i, v, e, r, s, e]]
22:41:20.681 INFO - Executing: [find elements: By.cssSelector: #login-submit])
22:41:20.716 INFO - Done: [find elements: By.cssSelector: #login-submit]
22:41:20.723 INFO - Executing: [find element: By.cssSelector: #login-submit])
22:41:20.762 INFO - Done: [find element: By.cssSelector: #login-submit]
22:41:20.767 INFO - Executing: [click: 3 [[ChromeDriver: chrome on XP (9656bb631a6b64893907fe579b782822)] -> css selector: #login-submit]])
22:41:28.140 INFO - Done: [click: 3 [[ChromeDriver: chrome on XP (9656bb631a6b64893907fe579b782822)] -> css selector: #login-submit]]
22:41:28.147 INFO - Executing: [maximise window])
22:41:29.364 INFO - Done: [maximise window]
22:41:36.371 INFO - Executing: [find elements: By.cssSelector: a[data-link-to='jobs']])
22:41:36.399 INFO - Done: [find elements: By.cssSelector: a[data-link-to='jobs']]
22:41:36.409 INFO - Executing: [find element: By.cssSelector: a[data-link-to='jobs']])
22:41:36.434 INFO - Done: [find element: By.cssSelector: a[data-link-to='jobs']]
22:41:36.441 INFO - Executing: [click: 4 [[ChromeDriver: chrome on XP (9656bb631a6b64893907fe579b782822)] -> css selector: a[data-link-to='jobs']]])
22:41:36.553 INFO - Done: [click: 4 [[ChromeDriver: chrome on XP (9656bb631a6b64893907fe579b782822)] -> css selector: a[data-link-to='jobs']]]
22:41:43.596 INFO - Executing: [find elements: By.cssSelector: .keyword-search-box input])
22:41:43.620 INFO - Done: [find elements: By.cssSelector: .keyword-search-box input]
22:41:43.626 INFO - Executing: [find element: By.cssSelector: .keyword-search-box input])
22:41:43.654 INFO - Done: [find element: By.cssSelector: .keyword-search-box input]
22:41:43.666 INFO - Executing: [is displayed: 5 [[ChromeDriver: chrome on XP (9656bb631a6b64893907fe579b782822)] -> css selector: .keyword-search-box input]])
22:41:43.692 INFO - Done: [is displayed: 5 [[ChromeDriver: chrome on XP (9656bb631a6b64893907fe579b782822)] -> css selector: .keyword-search-box input]]
22:41:43.699 INFO - Executing: [find element: By.cssSelector: .keyword-search-box input])
22:41:43.716 INFO - Done: [find element: By.cssSelector: .keyword-search-box input]
22:41:43.724 INFO - Executing: [send keys: 5 [[ChromeDriver: chrome on XP (9656bb631a6b64893907fe579b782822)] -> css selector: .keyword-search-box input], [m, e, a, n, ?]])
22:41:43.877 INFO - Done: [send keys: 5 [[ChromeDriver: chrome on XP (9656bb631a6b64893907fe579b782822)] -> css selector: .keyword-search-box input], [m, e, a, n, ?]]
22:41:48.898 INFO - Executing: [find element: By.cssSelector: .location-search-box  input])
22:41:48.922 INFO - Done: [find element: By.cssSelector: .location-search-box  input]
22:41:48.927 INFO - Executing: [is displayed: 6 [[ChromeDriver: chrome on XP (9656bb631a6b64893907fe579b782822)] -> css selector: .location-search-box  input]])
22:41:48.949 INFO - Done: [is displayed: 6 [[ChromeDriver: chrome on XP (9656bb631a6b64893907fe579b782822)] -> css selector: .location-search-box  input]]
22:41:48.961 INFO - Executing: [find element: By.cssSelector: .location-search-box  input])
22:41:48.973 INFO - Done: [find element: By.cssSelector: .location-search-box  input]
22:41:48.979 INFO - Executing: [send keys: 6 [[ChromeDriver: chrome on XP (9656bb631a6b64893907fe579b782822)] -> css selector: .location-search-box  input], [o, r, a, n, g, e,  , c, o, u, n, t, y]])
22:41:49.221 INFO - Done: [send keys: 6 [[ChromeDriver: chrome on XP (9656bb631a6b64893907fe579b782822)] -> css selector: .location-search-box  input], [o, r, a, n, g, e,  , c, o, u, n, t, y]]
22:41:54.233 INFO - Executing: [find element: By.cssSelector: .submit-button])
22:41:54.264 INFO - Done: [find element: By.cssSelector: .submit-button]
22:41:54.269 INFO - Executing: [is displayed: 7 [[ChromeDriver: chrome on XP (9656bb631a6b64893907fe579b782822)] -> css selector: .submit-button]])
22:41:54.292 INFO - Done: [is displayed: 7 [[ChromeDriver: chrome on XP (9656bb631a6b64893907fe579b782822)] -> css selector: .submit-button]]
22:41:54.298 INFO - Executing: [find element: By.cssSelector: .submit-button])
22:41:54.312 INFO - Done: [find element: By.cssSelector: .submit-button]
22:41:54.320 INFO - Executing: [click: 7 [[ChromeDriver: chrome on XP (9656bb631a6b64893907fe579b782822)] -> css selector: .submit-button]])
22:41:54.416 INFO - Done: [click: 7 [[ChromeDriver: chrome on XP (9656bb631a6b64893907fe579b782822)] -> css selector: .submit-button]]
22:41:54.425 INFO - Executing: [find elements: By.cssSelector: div.jobs-search-results])
22:41:54.480 INFO - Done: [find elements: By.cssSelector: div.jobs-search-results]
22:41:54.988 INFO - Executing: [find elements: By.cssSelector: div.jobs-search-results])
22:41:55.009 INFO - Done: [find elements: By.cssSelector: div.jobs-search-results]
22:41:55.518 INFO - Executing: [find elements: By.cssSelector: div.jobs-search-results])
22:41:56.132 INFO - Done: [find elements: By.cssSelector: div.jobs-search-results]
22:41:56.141 INFO - Executing: [maximise window])
22:41:56.168 INFO - Done: [maximise window]
22:41:56.179 INFO - Executing: [find elements: By.cssSelector: select#sort-dropdown-select.jobs-search-results__select option[value='DD']])
22:41:56.225 INFO - Done: [find elements: By.cssSelector: select#sort-dropdown-select.jobs-search-results__select option[value='DD']]
22:41:56.231 INFO - Executing: [find element: By.cssSelector: select#sort-dropdown-select.jobs-search-results__select option[value='DD']])
22:41:56.330 INFO - Done: [find element: By.cssSelector: select#sort-dropdown-select.jobs-search-results__select option[value='DD']]
22:41:56.335 INFO - Executing: [click: 9 [[ChromeDriver: chrome on XP (9656bb631a6b64893907fe579b782822)] -> css selector: select#sort-dropdown-select.jobs-search-results__select option[value='DD']]])
22:41:56.415 INFO - Done: [click: 9 [[ChromeDriver: chrome on XP (9656bb631a6b64893907fe579b782822)] -> css selector: select#sort-dropdown-select.jobs-search-results__select option[value='DD']]]
22:42:01.423 INFO - Executing: [get page source])
22:42:01.545 INFO - Done: [get page source]
22:42:02.005 INFO - Executing: [get current window handle])
22:42:02.011 INFO - Done: [get current window handle]
22:42:02.016 INFO - Executing: [get window size])
22:42:02.025 INFO - Done: [get window size]
22:42:02.031 INFO - Executing: [execute script: var passedArgs = Array.prototype.slice.call(arguments,0); return function (){
                     window.scrollBy(0, 2000)
  //                   console.log("window size 708 * 2, scrollBy")
                     
                 }.apply(window, passedArgs);, []])
22:42:02.045 INFO - Done: [execute script: var passedArgs = Array.prototype.slice.call(arguments,0); return function (){
                     window.scrollBy(0, 2000)
  //                   console.log("window size 708 * 2, scrollBy")
                     
                 }.apply(window, passedArgs);, []]
22:42:03.052 INFO - Executing: [execute script: var passedArgs = Array.prototype.slice.call(arguments,0); return function (){
                     window.scrollBy(0, 2000)
    //                  console.log("window size 708*2, scrollBy")
                     
                 }.apply(window, passedArgs);, []])
22:42:03.064 INFO - Done: [execute script: var passedArgs = Array.prototype.slice.call(arguments,0); return function (){
                     window.scrollBy(0, 2000)
    //                  console.log("window size 708*2, scrollBy")
                     
                 }.apply(window, passedArgs);, []]
22:42:04.076 INFO - Executing: [execute script: var passedArgs = Array.prototype.slice.call(arguments,0); return function (){
                     window.scrollBy(0, 5000)
      //                console.log("window size 708*2 , scrollBy")
                     
                 }.apply(window, passedArgs);, []])
22:42:04.387 INFO - Done: [execute script: var passedArgs = Array.prototype.slice.call(arguments,0); return function (){
                     window.scrollBy(0, 5000)
      //                console.log("window size 708*2 , scrollBy")
                     
                 }.apply(window, passedArgs);, []]
22:42:13.399 INFO - Executing: [find elements: By.cssSelector: body])
22:42:13.430 INFO - Done: [find elements: By.cssSelector: body]
22:42:13.435 INFO - Executing: [find element: By.cssSelector: button.next])
22:42:13.465 INFO - Done: [find element: By.cssSelector: button.next]
22:42:20.504 INFO - Executing: [find elements: By.cssSelector: button.next])
22:42:20.527 INFO - Done: [find elements: By.cssSelector: button.next]
22:42:20.536 INFO - Executing: [find element: By.cssSelector: button.next])
22:42:20.547 INFO - Done: [find element: By.cssSelector: button.next]
22:42:20.551 INFO - Executing: [click: 11 [[ChromeDriver: chrome on XP (9656bb631a6b64893907fe579b782822)] -> css selector: button.next]])
22:42:20.780 INFO - Done: [click: 11 [[ChromeDriver: chrome on XP (9656bb631a6b64893907fe579b782822)] -> css selector: button.next]]
22:42:24.793 INFO - Executing: [get current window handle])
22:42:24.801 INFO - Done: [get current window handle]
22:42:24.808 INFO - Executing: [get window size])
22:42:24.818 INFO - Done: [get window size]
22:42:24.825 INFO - Executing: [execute script: var passedArgs = Array.prototype.slice.call(arguments,0); return function (){
                     window.scrollBy(0, 2000)
  //                   console.log("window size 708 * 2, scrollBy")
                     
                 }.apply(window, passedArgs);, []])
22:42:24.834 INFO - Done: [execute script: var passedArgs = Array.prototype.slice.call(arguments,0); return function (){
                     window.scrollBy(0, 2000)
  //                   console.log("window size 708 * 2, scrollBy")
                     
                 }.apply(window, passedArgs);, []]
22:42:25.855 INFO - Executing: [execute script: var passedArgs = Array.prototype.slice.call(arguments,0); return function (){
                     window.scrollBy(0, 2000)
    //                  console.log("window size 708*2, scrollBy")
                     
                 }.apply(window, passedArgs);, []])
22:42:25.866 INFO - Done: [execute script: var passedArgs = Array.prototype.slice.call(arguments,0); return function (){
                     window.scrollBy(0, 2000)
    //                  console.log("window size 708*2, scrollBy")
                     
                 }.apply(window, passedArgs);, []]
22:42:26.870 INFO - Executing: [execute script: var passedArgs = Array.prototype.slice.call(arguments,0); return function (){
                     window.scrollBy(0, 5000)
      //                console.log("window size 708*2 , scrollBy")
                     
                 }.apply(window, passedArgs);, []])
22:42:26.878 INFO - Done: [execute script: var passedArgs = Array.prototype.slice.call(arguments,0); return function (){
                     window.scrollBy(0, 5000)
      //                console.log("window size 708*2 , scrollBy")
                     
                 }.apply(window, passedArgs);, []]
22:42:35.925 INFO - Executing: [get page source])
22:42:36.040 INFO - Done: [get page source]
22:42:43.515 INFO - Executing: [find elements: By.cssSelector: body])
22:42:43.528 INFO - Done: [find elements: By.cssSelector: body]
22:42:43.542 INFO - Executing: [find element: By.cssSelector: button.next])
22:42:43.555 INFO - Done: [find element: By.cssSelector: button.next]
22:42:50.561 INFO - Executing: [find elements: By.cssSelector: button.next])
22:42:50.588 INFO - Done: [find elements: By.cssSelector: button.next]
22:42:50.593 INFO - Executing: [find element: By.cssSelector: button.next])
22:42:50.605 INFO - Done: [find element: By.cssSelector: button.next]
22:42:50.610 INFO - Executing: [click: 11 [[ChromeDriver: chrome on XP (9656bb631a6b64893907fe579b782822)] -> css selector: button.next]])
22:42:50.854 INFO - Done: [click: 11 [[ChromeDriver: chrome on XP (9656bb631a6b64893907fe579b782822)] -> css selector: button.next]]
22:42:54.863 INFO - Executing: [get current window handle])
22:42:54.867 INFO - Done: [get current window handle]
22:42:54.871 INFO - Executing: [get window size])
22:42:54.881 INFO - Done: [get window size]
22:42:54.886 INFO - Executing: [execute script: var passedArgs = Array.prototype.slice.call(arguments,0); return function (){
                     window.scrollBy(0, 2000)
  //                   console.log("window size 708 * 2, scrollBy")
                     
                 }.apply(window, passedArgs);, []])
22:42:54.903 INFO - Done: [execute script: var passedArgs = Array.prototype.slice.call(arguments,0); return function (){
                     window.scrollBy(0, 2000)
  //                   console.log("window size 708 * 2, scrollBy")
                     
                 }.apply(window, passedArgs);, []]
22:42:55.913 INFO - Executing: [execute script: var passedArgs = Array.prototype.slice.call(arguments,0); return function (){
                     window.scrollBy(0, 2000)
    //                  console.log("window size 708*2, scrollBy")
                     
                 }.apply(window, passedArgs);, []])
22:42:55.940 INFO - Done: [execute script: var passedArgs = Array.prototype.slice.call(arguments,0); return function (){
                     window.scrollBy(0, 2000)
    //                  console.log("window size 708*2, scrollBy")
                     
                 }.apply(window, passedArgs);, []]
22:42:56.951 INFO - Executing: [execute script: var passedArgs = Array.prototype.slice.call(arguments,0); return function (){
                     window.scrollBy(0, 5000)
      //                console.log("window size 708*2 , scrollBy")
                     
                 }.apply(window, passedArgs);, []])
22:42:56.971 INFO - Done: [execute script: var passedArgs = Array.prototype.slice.call(arguments,0); return function (){
                     window.scrollBy(0, 5000)
      //                console.log("window size 708*2 , scrollBy")
                     
                 }.apply(window, passedArgs);, []]
22:43:06.013 INFO - Executing: [get page source])
22:43:06.121 INFO - Done: [get page source]
22:43:13.523 INFO - Executing: [find elements: By.cssSelector: body])
22:43:13.547 INFO - Done: [find elements: By.cssSelector: body]
22:43:13.554 INFO - Executing: [find element: By.cssSelector: button.next])
22:43:13.584 INFO - Done: [find element: By.cssSelector: button.next]
22:43:20.599 INFO - Executing: [find elements: By.cssSelector: button.next])
22:43:20.631 INFO - Done: [find elements: By.cssSelector: button.next]
22:43:20.637 INFO - Executing: [find element: By.cssSelector: button.next])
22:43:20.650 INFO - Done: [find element: By.cssSelector: button.next]
22:43:20.654 INFO - Executing: [click: 11 [[ChromeDriver: chrome on XP (9656bb631a6b64893907fe579b782822)] -> css selector: button.next]])
22:43:20.893 INFO - Done: [click: 11 [[ChromeDriver: chrome on XP (9656bb631a6b64893907fe579b782822)] -> css selector: button.next]]
22:43:24.900 INFO - Executing: [get current window handle])
22:43:24.905 INFO - Done: [get current window handle]
22:43:24.910 INFO - Executing: [get window size])
22:43:24.919 INFO - Done: [get window size]
22:43:24.924 INFO - Executing: [execute script: var passedArgs = Array.prototype.slice.call(arguments,0); return function (){
                     window.scrollBy(0, 2000)
  //                   console.log("window size 708 * 2, scrollBy")
                     
                 }.apply(window, passedArgs);, []])
22:43:24.934 INFO - Done: [execute script: var passedArgs = Array.prototype.slice.call(arguments,0); return function (){
                     window.scrollBy(0, 2000)
  //                   console.log("window size 708 * 2, scrollBy")
                     
                 }.apply(window, passedArgs);, []]
22:43:25.941 INFO - Executing: [execute script: var passedArgs = Array.prototype.slice.call(arguments,0); return function (){
                     window.scrollBy(0, 2000)
    //                  console.log("window size 708*2, scrollBy")
                     
                 }.apply(window, passedArgs);, []])
22:43:25.955 INFO - Done: [execute script: var passedArgs = Array.prototype.slice.call(arguments,0); return function (){
                     window.scrollBy(0, 2000)
    //                  console.log("window size 708*2, scrollBy")
                     
                 }.apply(window, passedArgs);, []]
22:43:26.963 INFO - Executing: [execute script: var passedArgs = Array.prototype.slice.call(arguments,0); return function (){
                     window.scrollBy(0, 5000)
      //                console.log("window size 708*2 , scrollBy")
                     
                 }.apply(window, passedArgs);, []])
22:43:26.975 INFO - Done: [execute script: var passedArgs = Array.prototype.slice.call(arguments,0); return function (){
                     window.scrollBy(0, 5000)
      //                console.log("window size 708*2 , scrollBy")
                     
                 }.apply(window, passedArgs);, []]
22:43:36.010 INFO - Executing: [get page source])
22:43:36.114 INFO - Done: [get page source]
22:43:43.530 INFO - Executing: [find elements: By.cssSelector: body])
22:43:43.543 INFO - Done: [find elements: By.cssSelector: body]
22:43:43.548 INFO - Executing: [find element: By.cssSelector: button.next])
22:43:43.562 INFO - Done: [find element: By.cssSelector: button.next]
22:43:50.585 INFO - Executing: [find elements: By.cssSelector: button.next])
22:43:50.634 INFO - Done: [find elements: By.cssSelector: button.next]
22:43:50.639 INFO - Executing: [find element: By.cssSelector: button.next])
22:43:50.650 INFO - Done: [find element: By.cssSelector: button.next]
22:43:50.654 INFO - Executing: [click: 11 [[ChromeDriver: chrome on XP (9656bb631a6b64893907fe579b782822)] -> css selector: button.next]])
22:43:50.883 INFO - Done: [click: 11 [[ChromeDriver: chrome on XP (9656bb631a6b64893907fe579b782822)] -> css selector: button.next]]
22:43:54.894 INFO - Executing: [get current window handle])
22:43:54.900 INFO - Done: [get current window handle]
22:43:54.906 INFO - Executing: [get window size])
22:43:54.917 INFO - Done: [get window size]
22:43:54.922 INFO - Executing: [execute script: var passedArgs = Array.prototype.slice.call(arguments,0); return function (){
                     window.scrollBy(0, 2000)
  //                   console.log("window size 708 * 2, scrollBy")
                     
                 }.apply(window, passedArgs);, []])
22:43:54.937 INFO - Done: [execute script: var passedArgs = Array.prototype.slice.call(arguments,0); return function (){
                     window.scrollBy(0, 2000)
  //                   console.log("window size 708 * 2, scrollBy")
                     
                 }.apply(window, passedArgs);, []]
22:43:55.943 INFO - Executing: [execute script: var passedArgs = Array.prototype.slice.call(arguments,0); return function (){
                     window.scrollBy(0, 2000)
    //                  console.log("window size 708*2, scrollBy")
                     
                 }.apply(window, passedArgs);, []])
22:43:55.953 INFO - Done: [execute script: var passedArgs = Array.prototype.slice.call(arguments,0); return function (){
                     window.scrollBy(0, 2000)
    //                  console.log("window size 708*2, scrollBy")
                     
                 }.apply(window, passedArgs);, []]
22:43:56.964 INFO - Executing: [execute script: var passedArgs = Array.prototype.slice.call(arguments,0); return function (){
                     window.scrollBy(0, 5000)
      //                console.log("window size 708*2 , scrollBy")
                     
                 }.apply(window, passedArgs);, []])
22:43:57.256 INFO - Done: [execute script: var passedArgs = Array.prototype.slice.call(arguments,0); return function (){
                     window.scrollBy(0, 5000)
      //                console.log("window size 708*2 , scrollBy")
                     
                 }.apply(window, passedArgs);, []]
22:44:06.296 INFO - Executing: [get page source])
22:44:06.404 INFO - Done: [get page source]
22:44:13.927 INFO - Executing: [find elements: By.cssSelector: body])
22:44:13.955 INFO - Done: [find elements: By.cssSelector: body]
22:44:13.960 INFO - Executing: [find element: By.cssSelector: button.next])
22:44:13.993 INFO - Done: [find element: By.cssSelector: button.next]
22:44:21.007 INFO - Executing: [find elements: By.cssSelector: button.next])
22:44:21.044 INFO - Done: [find elements: By.cssSelector: button.next]
22:44:21.049 INFO - Executing: [find element: By.cssSelector: button.next])
22:44:21.062 INFO - Done: [find element: By.cssSelector: button.next]
22:44:21.066 INFO - Executing: [click: 11 [[ChromeDriver: chrome on XP (9656bb631a6b64893907fe579b782822)] -> css selector: button.next]])
22:44:21.294 INFO - Done: [click: 11 [[ChromeDriver: chrome on XP (9656bb631a6b64893907fe579b782822)] -> css selector: button.next]]
22:44:25.303 INFO - Executing: [get current window handle])
22:44:25.309 INFO - Done: [get current window handle]
22:44:25.314 INFO - Executing: [get window size])
22:44:25.323 INFO - Done: [get window size]
22:44:25.328 INFO - Executing: [execute script: var passedArgs = Array.prototype.slice.call(arguments,0); return function (){
                     window.scrollBy(0, 2000)
  //                   console.log("window size 708 * 2, scrollBy")
                     
                 }.apply(window, passedArgs);, []])
22:44:25.339 INFO - Done: [execute script: var passedArgs = Array.prototype.slice.call(arguments,0); return function (){
                     window.scrollBy(0, 2000)
  //                   console.log("window size 708 * 2, scrollBy")
                     
                 }.apply(window, passedArgs);, []]
22:44:26.348 INFO - Executing: [execute script: var passedArgs = Array.prototype.slice.call(arguments,0); return function (){
                     window.scrollBy(0, 2000)
    //                  console.log("window size 708*2, scrollBy")
                     
                 }.apply(window, passedArgs);, []])
22:44:26.364 INFO - Done: [execute script: var passedArgs = Array.prototype.slice.call(arguments,0); return function (){
                     window.scrollBy(0, 2000)
    //                  console.log("window size 708*2, scrollBy")
                     
                 }.apply(window, passedArgs);, []]
22:44:27.368 INFO - Executing: [execute script: var passedArgs = Array.prototype.slice.call(arguments,0); return function (){
                     window.scrollBy(0, 5000)
      //                console.log("window size 708*2 , scrollBy")
                     
                 }.apply(window, passedArgs);, []])
22:44:27.379 INFO - Done: [execute script: var passedArgs = Array.prototype.slice.call(arguments,0); return function (){
                     window.scrollBy(0, 5000)
      //                console.log("window size 708*2 , scrollBy")
                     
                 }.apply(window, passedArgs);, []]
22:44:36.411 INFO - Executing: [get page source])
22:44:36.518 INFO - Done: [get page source]
22:44:43.879 INFO - Executing: [find elements: By.cssSelector: body])
22:44:43.891 INFO - Done: [find elements: By.cssSelector: body]
22:44:43.896 INFO - Executing: [find element: By.cssSelector: button.next])
22:44:43.907 INFO - Done: [find element: By.cssSelector: button.next]
22:44:50.916 INFO - Executing: [find elements: By.cssSelector: button.next])
22:44:50.941 INFO - Done: [find elements: By.cssSelector: button.next]
22:44:50.947 INFO - Executing: [find element: By.cssSelector: button.next])
22:44:50.963 INFO - Done: [find element: By.cssSelector: button.next]
22:44:50.968 INFO - Executing: [click: 11 [[ChromeDriver: chrome on XP (9656bb631a6b64893907fe579b782822)] -> css selector: button.next]])
22:44:51.189 INFO - Done: [click: 11 [[ChromeDriver: chrome on XP (9656bb631a6b64893907fe579b782822)] -> css selector: button.next]]
22:44:55.200 INFO - Executing: [get current window handle])
22:44:55.208 INFO - Done: [get current window handle]
22:44:55.215 INFO - Executing: [get window size])
22:44:55.226 INFO - Done: [get window size]
22:44:55.231 INFO - Executing: [execute script: var passedArgs = Array.prototype.slice.call(arguments,0); return function (){
                     window.scrollBy(0, 2000)
  //                   console.log("window size 708 * 2, scrollBy")
                     
                 }.apply(window, passedArgs);, []])
22:44:55.240 INFO - Done: [execute script: var passedArgs = Array.prototype.slice.call(arguments,0); return function (){
                     window.scrollBy(0, 2000)
  //                   console.log("window size 708 * 2, scrollBy")
                     
                 }.apply(window, passedArgs);, []]
22:44:56.246 INFO - Executing: [execute script: var passedArgs = Array.prototype.slice.call(arguments,0); return function (){
                     window.scrollBy(0, 2000)
    //                  console.log("window size 708*2, scrollBy")
                     
                 }.apply(window, passedArgs);, []])
22:44:56.263 INFO - Done: [execute script: var passedArgs = Array.prototype.slice.call(arguments,0); return function (){
                     window.scrollBy(0, 2000)
    //                  console.log("window size 708*2, scrollBy")
                     
                 }.apply(window, passedArgs);, []]
22:44:57.274 INFO - Executing: [execute script: var passedArgs = Array.prototype.slice.call(arguments,0); return function (){
                     window.scrollBy(0, 5000)
      //                console.log("window size 708*2 , scrollBy")
                     
                 }.apply(window, passedArgs);, []])
22:44:57.530 INFO - Done: [execute script: var passedArgs = Array.prototype.slice.call(arguments,0); return function (){
                     window.scrollBy(0, 5000)
      //                console.log("window size 708*2 , scrollBy")
                     
                 }.apply(window, passedArgs);, []]
22:45:06.564 INFO - Executing: [get page source])
22:45:06.665 INFO - Done: [get page source]
22:45:14.069 INFO - Executing: [find elements: By.cssSelector: body])
22:45:14.092 INFO - Done: [find elements: By.cssSelector: body]
22:45:14.097 INFO - Executing: [find element: By.cssSelector: button.next])
22:45:14.124 INFO - Done: [find element: By.cssSelector: button.next]
22:45:21.141 INFO - Executing: [find elements: By.cssSelector: button.next])
22:45:21.168 INFO - Done: [find elements: By.cssSelector: button.next]
22:45:21.173 INFO - Executing: [find element: By.cssSelector: button.next])
22:45:21.184 INFO - Done: [find element: By.cssSelector: button.next]
22:45:21.188 INFO - Executing: [click: 11 [[ChromeDriver: chrome on XP (9656bb631a6b64893907fe579b782822)] -> css selector: button.next]])
22:45:21.416 INFO - Done: [click: 11 [[ChromeDriver: chrome on XP (9656bb631a6b64893907fe579b782822)] -> css selector: button.next]]
22:45:25.424 INFO - Executing: [get current window handle])
22:45:25.431 INFO - Done: [get current window handle]
22:45:25.439 INFO - Executing: [get window size])
22:45:25.450 INFO - Done: [get window size]
22:45:25.455 INFO - Executing: [execute script: var passedArgs = Array.prototype.slice.call(arguments,0); return function (){
                     window.scrollBy(0, 2000)
  //                   console.log("window size 708 * 2, scrollBy")
                     
                 }.apply(window, passedArgs);, []])
22:45:25.464 INFO - Done: [execute script: var passedArgs = Array.prototype.slice.call(arguments,0); return function (){
                     window.scrollBy(0, 2000)
  //                   console.log("window size 708 * 2, scrollBy")
                     
                 }.apply(window, passedArgs);, []]
22:45:26.473 INFO - Executing: [execute script: var passedArgs = Array.prototype.slice.call(arguments,0); return function (){
                     window.scrollBy(0, 2000)
    //                  console.log("window size 708*2, scrollBy")
                     
                 }.apply(window, passedArgs);, []])
22:45:26.495 INFO - Done: [execute script: var passedArgs = Array.prototype.slice.call(arguments,0); return function (){
                     window.scrollBy(0, 2000)
    //                  console.log("window size 708*2, scrollBy")
                     
                 }.apply(window, passedArgs);, []]
22:45:27.506 INFO - Executing: [execute script: var passedArgs = Array.prototype.slice.call(arguments,0); return function (){
                     window.scrollBy(0, 5000)
      //                console.log("window size 708*2 , scrollBy")
                     
                 }.apply(window, passedArgs);, []])
22:45:27.535 INFO - Done: [execute script: var passedArgs = Array.prototype.slice.call(arguments,0); return function (){
                     window.scrollBy(0, 5000)
      //                console.log("window size 708*2 , scrollBy")
                     
                 }.apply(window, passedArgs);, []]
22:45:36.572 INFO - Executing: [get page source])
22:45:36.677 INFO - Done: [get page source]
22:45:43.991 INFO - Executing: [find elements: By.cssSelector: body])
22:45:44.013 INFO - Done: [find elements: By.cssSelector: body]
22:45:44.018 INFO - Executing: [find element: By.cssSelector: button.next])
22:45:44.045 INFO - Done: [find element: By.cssSelector: button.next]
22:45:51.058 INFO - Executing: [find elements: By.cssSelector: button.next])
22:45:51.087 INFO - Done: [find elements: By.cssSelector: button.next]
22:45:51.092 INFO - Executing: [find element: By.cssSelector: button.next])
22:45:51.103 INFO - Done: [find element: By.cssSelector: button.next]
22:45:51.107 INFO - Executing: [click: 11 [[ChromeDriver: chrome on XP (9656bb631a6b64893907fe579b782822)] -> css selector: button.next]])
22:45:51.348 INFO - Done: [click: 11 [[ChromeDriver: chrome on XP (9656bb631a6b64893907fe579b782822)] -> css selector: button.next]]
22:45:55.360 INFO - Executing: [get current window handle])
22:45:55.369 INFO - Done: [get current window handle]
22:45:55.376 INFO - Executing: [get window size])
22:45:55.388 INFO - Done: [get window size]
22:45:55.393 INFO - Executing: [execute script: var passedArgs = Array.prototype.slice.call(arguments,0); return function (){
                     window.scrollBy(0, 2000)
  //                   console.log("window size 708 * 2, scrollBy")
                     
                 }.apply(window, passedArgs);, []])
22:45:55.402 INFO - Done: [execute script: var passedArgs = Array.prototype.slice.call(arguments,0); return function (){
                     window.scrollBy(0, 2000)
  //                   console.log("window size 708 * 2, scrollBy")
                     
                 }.apply(window, passedArgs);, []]
22:45:56.413 INFO - Executing: [execute script: var passedArgs = Array.prototype.slice.call(arguments,0); return function (){
                     window.scrollBy(0, 2000)
    //                  console.log("window size 708*2, scrollBy")
                     
                 }.apply(window, passedArgs);, []])
22:45:56.437 INFO - Done: [execute script: var passedArgs = Array.prototype.slice.call(arguments,0); return function (){
                     window.scrollBy(0, 2000)
    //                  console.log("window size 708*2, scrollBy")
                     
                 }.apply(window, passedArgs);, []]
22:45:57.444 INFO - Executing: [execute script: var passedArgs = Array.prototype.slice.call(arguments,0); return function (){
                     window.scrollBy(0, 5000)
      //                console.log("window size 708*2 , scrollBy")
                     
                 }.apply(window, passedArgs);, []])
22:45:57.454 INFO - Done: [execute script: var passedArgs = Array.prototype.slice.call(arguments,0); return function (){
                     window.scrollBy(0, 5000)
      //                console.log("window size 708*2 , scrollBy")
                     
                 }.apply(window, passedArgs);, []]
22:46:06.496 INFO - Executing: [get page source])
22:46:06.599 INFO - Done: [get page source]
22:46:06.986 INFO - Executing: [get: https://www.linkedin.com/])
22:46:07.212 INFO - Executing: [get: https://www.linkedin.com/jobs/view/398131472/?recommendedFlavor=HIDDEN_GEM&refId=5621683291500355906128&trk=d_flagship3_search_srp_jobs])
22:46:10.354 INFO - Done: [get: https://www.linkedin.com/]
22:46:12.867 INFO - Done: [get: https://www.linkedin.com/jobs/view/398131472/?recommendedFlavor=HIDDEN_GEM&refId=5621683291500355906128&trk=d_flagship3_search_srp_jobs]
22:46:23.901 INFO - Executing: [find elements: By.cssSelector: body])
22:46:23.923 INFO - Done: [find elements: By.cssSelector: body]
22:46:23.933 INFO - Executing: [find element: By.cssSelector: button.jobs-s-apply__button])
22:46:24.255 WARN - Exception thrown
org.openqa.selenium.NoSuchElementException: no such element: Unable to locate element: {"method":"css selector","selector":"button.jobs-s-apply__button"}
  (Session info: chrome=59.0.3071.115)
  (Driver info: chromedriver=2.30.477700 (0057494ad8732195794a7b32078424f92a5fce41),platform=Windows NT 10.0.15063 x86_64) (WARNING: The server did not provide any stacktrace information)
Command duration or timeout: 29 milliseconds
For documentation on this error, please visit: http://seleniumhq.org/exceptions/no_such_element.html
Build info: version: '2.50.1', revision: 'd7fc91b', time: '2016-01-29 19:08:26'
System info: host: 'LAPTOP-JNMEARUH', ip: '192.168.16.1', os.name: 'Windows 10', os.arch: 'amd64', os.version: '10.0', java.version: '1.8.0_101'
Driver info: org.openqa.selenium.chrome.ChromeDriver
Capabilities [{applicationCacheEnabled=false, rotatable=false, mobileEmulationEnabled=false, networkConnectionEnabled=false, chrome={chromedriverVersion=2.30.477700 (0057494ad8732195794a7b32078424f92a5fce41), userDataDir=C:\Users\daxes\AppData\Local\Temp\scoped_dir13660_1615}, takesHeapSnapshot=true, pageLoadStrategy=normal, databaseEnabled=false, handlesAlerts=true, hasTouchScreen=false, version=59.0.3071.115, platform=XP, browserConnectionEnabled=false, nativeEvents=true, acceptSslCerts=true, locationContextEnabled=true, webStorageEnabled=true, browserName=chrome, takesScreenshot=true, javascriptEnabled=true, cssSelectorsEnabled=true, unexpectedAlertBehaviour=}]
Session ID: 9656bb631a6b64893907fe579b782822
*** Element info: {Using=css selector, value=button.jobs-s-apply__button}
	at sun.reflect.NativeConstructorAccessorImpl.newInstance0(Native Method)
	at sun.reflect.NativeConstructorAccessorImpl.newInstance(Unknown Source)
	at sun.reflect.DelegatingConstructorAccessorImpl.newInstance(Unknown Source)
	at java.lang.reflect.Constructor.newInstance(Unknown Source)
	at org.openqa.selenium.remote.ErrorHandler.createThrowable(ErrorHandler.java:206)
	at org.openqa.selenium.remote.ErrorHandler.throwIfResponseFailed(ErrorHandler.java:158)
	at org.openqa.selenium.remote.RemoteWebDriver.execute(RemoteWebDriver.java:678)
	at org.openqa.selenium.remote.RemoteWebDriver.findElement(RemoteWebDriver.java:363)
	at org.openqa.selenium.remote.RemoteWebDriver.findElementByCssSelector(RemoteWebDriver.java:492)
	at org.openqa.selenium.By$ByCssSelector.findElement(By.java:430)
	at org.openqa.selenium.remote.RemoteWebDriver.findElement(RemoteWebDriver.java:355)
	at sun.reflect.GeneratedMethodAccessor9.invoke(Unknown Source)
	at sun.reflect.DelegatingMethodAccessorImpl.invoke(Unknown Source)
	at java.lang.reflect.Method.invoke(Unknown Source)
	at org.openqa.selenium.support.events.EventFiringWebDriver$2.invoke(EventFiringWebDriver.java:103)
	at com.sun.proxy.$Proxy1.findElement(Unknown Source)
	at org.openqa.selenium.support.events.EventFiringWebDriver.findElement(EventFiringWebDriver.java:188)
	at org.openqa.selenium.remote.server.handler.FindElement.call(FindElement.java:48)
	at org.openqa.selenium.remote.server.handler.FindElement.call(FindElement.java:1)
	at java.util.concurrent.FutureTask.run(Unknown Source)
	at org.openqa.selenium.remote.server.DefaultSession$1.run(DefaultSession.java:176)
	at java.util.concurrent.ThreadPoolExecutor.runWorker(Unknown Source)
	at java.util.concurrent.ThreadPoolExecutor$Worker.run(Unknown Source)
	at java.lang.Thread.run(Unknown Source)
22:46:24.260 WARN - Exception: no such element: Unable to locate element: {"method":"css selector","selector":"button.jobs-s-apply__button"}
  (Session info: chrome=59.0.3071.115)
  (Driver info: chromedriver=2.30.477700 (0057494ad8732195794a7b32078424f92a5fce41),platform=Windows NT 10.0.15063 x86_64) (WARNING: The server did not provide any stacktrace information)
Command duration or timeout: 29 milliseconds
For documentation on this error, please visit: http://seleniumhq.org/exceptions/no_such_element.html
Build info: version: '2.50.1', revision: 'd7fc91b', time: '2016-01-29 19:08:26'
System info: host: 'LAPTOP-JNMEARUH', ip: '192.168.16.1', os.name: 'Windows 10', os.arch: 'amd64', os.version: '10.0', java.version: '1.8.0_101'
Driver info: org.openqa.selenium.chrome.ChromeDriver
Capabilities [{applicationCacheEnabled=false, rotatable=false, mobileEmulationEnabled=false, networkConnectionEnabled=false, chrome={chromedriverVersion=2.30.477700 (0057494ad8732195794a7b32078424f92a5fce41), userDataDir=C:\Users\daxes\AppData\Local\Temp\scoped_dir13660_1615}, takesHeapSnapshot=true, pageLoadStrategy=normal, databaseEnabled=false, handlesAlerts=true, hasTouchScreen=false, version=59.0.3071.115, platform=XP, browserConnectionEnabled=false, nativeEvents=true, acceptSslCerts=true, locationContextEnabled=true, webStorageEnabled=true, browserName=chrome, takesScreenshot=true, javascriptEnabled=true, cssSelectorsEnabled=true, unexpectedAlertBehaviour=}]
Session ID: 9656bb631a6b64893907fe579b782822
*** Element info: {Using=css selector, value=button.jobs-s-apply__button}
22:46:24.291 INFO - Executing: [get: https://www.linkedin.com/jobs/view/346747586/?recommendedFlavor=HIDDEN_GEM&refId=5621683291500355907316&trk=d_flagship3_search_srp_jobs])
22:46:25.361 INFO - Done: [get: https://www.linkedin.com/jobs/view/346747586/?recommendedFlavor=HIDDEN_GEM&refId=5621683291500355907316&trk=d_flagship3_search_srp_jobs]
22:46:36.371 INFO - Executing: [find elements: By.cssSelector: body])
22:46:36.390 INFO - Done: [find elements: By.cssSelector: body]
22:46:36.395 INFO - Executing: [find element: By.cssSelector: button.jobs-s-apply__button])
22:46:36.614 WARN - Exception thrown
org.openqa.selenium.NoSuchElementException: no such element: Unable to locate element: {"method":"css selector","selector":"button.jobs-s-apply__button"}
  (Session info: chrome=59.0.3071.115)
  (Driver info: chromedriver=2.30.477700 (0057494ad8732195794a7b32078424f92a5fce41),platform=Windows NT 10.0.15063 x86_64) (WARNING: The server did not provide any stacktrace information)
Command duration or timeout: 12 milliseconds
For documentation on this error, please visit: http://seleniumhq.org/exceptions/no_such_element.html
Build info: version: '2.50.1', revision: 'd7fc91b', time: '2016-01-29 19:08:26'
System info: host: 'LAPTOP-JNMEARUH', ip: '192.168.16.1', os.name: 'Windows 10', os.arch: 'amd64', os.version: '10.0', java.version: '1.8.0_101'
Driver info: org.openqa.selenium.chrome.ChromeDriver
Capabilities [{applicationCacheEnabled=false, rotatable=false, mobileEmulationEnabled=false, networkConnectionEnabled=false, chrome={chromedriverVersion=2.30.477700 (0057494ad8732195794a7b32078424f92a5fce41), userDataDir=C:\Users\daxes\AppData\Local\Temp\scoped_dir13660_1615}, takesHeapSnapshot=true, pageLoadStrategy=normal, databaseEnabled=false, handlesAlerts=true, hasTouchScreen=false, version=59.0.3071.115, platform=XP, browserConnectionEnabled=false, nativeEvents=true, acceptSslCerts=true, locationContextEnabled=true, webStorageEnabled=true, browserName=chrome, takesScreenshot=true, javascriptEnabled=true, cssSelectorsEnabled=true, unexpectedAlertBehaviour=}]
Session ID: 9656bb631a6b64893907fe579b782822
*** Element info: {Using=css selector, value=button.jobs-s-apply__button}
	at sun.reflect.NativeConstructorAccessorImpl.newInstance0(Native Method)
	at sun.reflect.NativeConstructorAccessorImpl.newInstance(Unknown Source)
	at sun.reflect.DelegatingConstructorAccessorImpl.newInstance(Unknown Source)
	at java.lang.reflect.Constructor.newInstance(Unknown Source)
	at org.openqa.selenium.remote.ErrorHandler.createThrowable(ErrorHandler.java:206)
	at org.openqa.selenium.remote.ErrorHandler.throwIfResponseFailed(ErrorHandler.java:158)
	at org.openqa.selenium.remote.RemoteWebDriver.execute(RemoteWebDriver.java:678)
	at org.openqa.selenium.remote.RemoteWebDriver.findElement(RemoteWebDriver.java:363)
	at org.openqa.selenium.remote.RemoteWebDriver.findElementByCssSelector(RemoteWebDriver.java:492)
	at org.openqa.selenium.By$ByCssSelector.findElement(By.java:430)
	at org.openqa.selenium.remote.RemoteWebDriver.findElement(RemoteWebDriver.java:355)
	at sun.reflect.GeneratedMethodAccessor9.invoke(Unknown Source)
	at sun.reflect.DelegatingMethodAccessorImpl.invoke(Unknown Source)
	at java.lang.reflect.Method.invoke(Unknown Source)
	at org.openqa.selenium.support.events.EventFiringWebDriver$2.invoke(EventFiringWebDriver.java:103)
	at com.sun.proxy.$Proxy1.findElement(Unknown Source)
	at org.openqa.selenium.support.events.EventFiringWebDriver.findElement(EventFiringWebDriver.java:188)
	at org.openqa.selenium.remote.server.handler.FindElement.call(FindElement.java:48)
	at org.openqa.selenium.remote.server.handler.FindElement.call(FindElement.java:1)
	at java.util.concurrent.FutureTask.run(Unknown Source)
	at org.openqa.selenium.remote.server.DefaultSession$1.run(DefaultSession.java:176)
	at java.util.concurrent.ThreadPoolExecutor.runWorker(Unknown Source)
	at java.util.concurrent.ThreadPoolExecutor$Worker.run(Unknown Source)
	at java.lang.Thread.run(Unknown Source)
22:46:36.615 WARN - Exception: no such element: Unable to locate element: {"method":"css selector","selector":"button.jobs-s-apply__button"}
  (Session info: chrome=59.0.3071.115)
  (Driver info: chromedriver=2.30.477700 (0057494ad8732195794a7b32078424f92a5fce41),platform=Windows NT 10.0.15063 x86_64) (WARNING: The server did not provide any stacktrace information)
Command duration or timeout: 12 milliseconds
For documentation on this error, please visit: http://seleniumhq.org/exceptions/no_such_element.html
Build info: version: '2.50.1', revision: 'd7fc91b', time: '2016-01-29 19:08:26'
System info: host: 'LAPTOP-JNMEARUH', ip: '192.168.16.1', os.name: 'Windows 10', os.arch: 'amd64', os.version: '10.0', java.version: '1.8.0_101'
Driver info: org.openqa.selenium.chrome.ChromeDriver
Capabilities [{applicationCacheEnabled=false, rotatable=false, mobileEmulationEnabled=false, networkConnectionEnabled=false, chrome={chromedriverVersion=2.30.477700 (0057494ad8732195794a7b32078424f92a5fce41), userDataDir=C:\Users\daxes\AppData\Local\Temp\scoped_dir13660_1615}, takesHeapSnapshot=true, pageLoadStrategy=normal, databaseEnabled=false, handlesAlerts=true, hasTouchScreen=false, version=59.0.3071.115, platform=XP, browserConnectionEnabled=false, nativeEvents=true, acceptSslCerts=true, locationContextEnabled=true, webStorageEnabled=true, browserName=chrome, takesScreenshot=true, javascriptEnabled=true, cssSelectorsEnabled=true, unexpectedAlertBehaviour=}]
Session ID: 9656bb631a6b64893907fe579b782822
*** Element info: {Using=css selector, value=button.jobs-s-apply__button}
22:46:36.651 INFO - Executing: [get: https://www.linkedin.com/jobs/view/386742661/?recommendedFlavor=SCHOOL_RECRUIT&refId=5621683291500355960205&trk=d_flagship3_search_srp_jobs])
22:46:37.582 INFO - Done: [get: https://www.linkedin.com/jobs/view/386742661/?recommendedFlavor=SCHOOL_RECRUIT&refId=5621683291500355960205&trk=d_flagship3_search_srp_jobs]
22:46:48.593 INFO - Executing: [find elements: By.cssSelector: body])
22:46:48.607 INFO - Done: [find elements: By.cssSelector: body]
22:46:48.612 INFO - Executing: [find element: By.cssSelector: button.jobs-s-apply__button])
22:46:48.856 WARN - Exception thrown
org.openqa.selenium.NoSuchElementException: no such element: Unable to locate element: {"method":"css selector","selector":"button.jobs-s-apply__button"}
  (Session info: chrome=59.0.3071.115)
  (Driver info: chromedriver=2.30.477700 (0057494ad8732195794a7b32078424f92a5fce41),platform=Windows NT 10.0.15063 x86_64) (WARNING: The server did not provide any stacktrace information)
Command duration or timeout: 11 milliseconds
For documentation on this error, please visit: http://seleniumhq.org/exceptions/no_such_element.html
Build info: version: '2.50.1', revision: 'd7fc91b', time: '2016-01-29 19:08:26'
System info: host: 'LAPTOP-JNMEARUH', ip: '192.168.16.1', os.name: 'Windows 10', os.arch: 'amd64', os.version: '10.0', java.version: '1.8.0_101'
Driver info: org.openqa.selenium.chrome.ChromeDriver
Capabilities [{applicationCacheEnabled=false, rotatable=false, mobileEmulationEnabled=false, networkConnectionEnabled=false, chrome={chromedriverVersion=2.30.477700 (0057494ad8732195794a7b32078424f92a5fce41), userDataDir=C:\Users\daxes\AppData\Local\Temp\scoped_dir13660_1615}, takesHeapSnapshot=true, pageLoadStrategy=normal, databaseEnabled=false, handlesAlerts=true, hasTouchScreen=false, version=59.0.3071.115, platform=XP, browserConnectionEnabled=false, nativeEvents=true, acceptSslCerts=true, locationContextEnabled=true, webStorageEnabled=true, browserName=chrome, takesScreenshot=true, javascriptEnabled=true, cssSelectorsEnabled=true, unexpectedAlertBehaviour=}]
Session ID: 9656bb631a6b64893907fe579b782822
*** Element info: {Using=css selector, value=button.jobs-s-apply__button}
	at sun.reflect.NativeConstructorAccessorImpl.newInstance0(Native Method)
	at sun.reflect.NativeConstructorAccessorImpl.newInstance(Unknown Source)
	at sun.reflect.DelegatingConstructorAccessorImpl.newInstance(Unknown Source)
	at java.lang.reflect.Constructor.newInstance(Unknown Source)
	at org.openqa.selenium.remote.ErrorHandler.createThrowable(ErrorHandler.java:206)
	at org.openqa.selenium.remote.ErrorHandler.throwIfResponseFailed(ErrorHandler.java:158)
	at org.openqa.selenium.remote.RemoteWebDriver.execute(RemoteWebDriver.java:678)
	at org.openqa.selenium.remote.RemoteWebDriver.findElement(RemoteWebDriver.java:363)
	at org.openqa.selenium.remote.RemoteWebDriver.findElementByCssSelector(RemoteWebDriver.java:492)
	at org.openqa.selenium.By$ByCssSelector.findElement(By.java:430)
	at org.openqa.selenium.remote.RemoteWebDriver.findElement(RemoteWebDriver.java:355)
	at sun.reflect.GeneratedMethodAccessor9.invoke(Unknown Source)
	at sun.reflect.DelegatingMethodAccessorImpl.invoke(Unknown Source)
	at java.lang.reflect.Method.invoke(Unknown Source)
	at org.openqa.selenium.support.events.EventFiringWebDriver$2.invoke(EventFiringWebDriver.java:103)
	at com.sun.proxy.$Proxy1.findElement(Unknown Source)
	at org.openqa.selenium.support.events.EventFiringWebDriver.findElement(EventFiringWebDriver.java:188)
	at org.openqa.selenium.remote.server.handler.FindElement.call(FindElement.java:48)
	at org.openqa.selenium.remote.server.handler.FindElement.call(FindElement.java:1)
	at java.util.concurrent.FutureTask.run(Unknown Source)
	at org.openqa.selenium.remote.server.DefaultSession$1.run(DefaultSession.java:176)
	at java.util.concurrent.ThreadPoolExecutor.runWorker(Unknown Source)
	at java.util.concurrent.ThreadPoolExecutor$Worker.run(Unknown Source)
	at java.lang.Thread.run(Unknown Source)
22:46:48.858 WARN - Exception: no such element: Unable to locate element: {"method":"css selector","selector":"button.jobs-s-apply__button"}
  (Session info: chrome=59.0.3071.115)
  (Driver info: chromedriver=2.30.477700 (0057494ad8732195794a7b32078424f92a5fce41),platform=Windows NT 10.0.15063 x86_64) (WARNING: The server did not provide any stacktrace information)
Command duration or timeout: 11 milliseconds
For documentation on this error, please visit: http://seleniumhq.org/exceptions/no_such_element.html
Build info: version: '2.50.1', revision: 'd7fc91b', time: '2016-01-29 19:08:26'
System info: host: 'LAPTOP-JNMEARUH', ip: '192.168.16.1', os.name: 'Windows 10', os.arch: 'amd64', os.version: '10.0', java.version: '1.8.0_101'
Driver info: org.openqa.selenium.chrome.ChromeDriver
Capabilities [{applicationCacheEnabled=false, rotatable=false, mobileEmulationEnabled=false, networkConnectionEnabled=false, chrome={chromedriverVersion=2.30.477700 (0057494ad8732195794a7b32078424f92a5fce41), userDataDir=C:\Users\daxes\AppData\Local\Temp\scoped_dir13660_1615}, takesHeapSnapshot=true, pageLoadStrategy=normal, databaseEnabled=false, handlesAlerts=true, hasTouchScreen=false, version=59.0.3071.115, platform=XP, browserConnectionEnabled=false, nativeEvents=true, acceptSslCerts=true, locationContextEnabled=true, webStorageEnabled=true, browserName=chrome, takesScreenshot=true, javascriptEnabled=true, cssSelectorsEnabled=true, unexpectedAlertBehaviour=}]
Session ID: 9656bb631a6b64893907fe579b782822
*** Element info: {Using=css selector, value=button.jobs-s-apply__button}
22:46:48.881 INFO - Executing: [get: https://www.linkedin.com/jobs/view/382393765/?recommendedFlavor=SCHOOL_RECRUIT&refId=5621683291500355990169&trk=d_flagship3_search_srp_jobs])
22:46:51.205 INFO - Done: [get: https://www.linkedin.com/jobs/view/382393765/?recommendedFlavor=SCHOOL_RECRUIT&refId=5621683291500355990169&trk=d_flagship3_search_srp_jobs]
22:47:02.244 INFO - Executing: [find elements: By.cssSelector: body])
22:47:02.256 INFO - Done: [find elements: By.cssSelector: body]
22:47:02.265 INFO - Executing: [find element: By.cssSelector: button.jobs-s-apply__button])
22:47:02.488 WARN - Exception thrown
org.openqa.selenium.NoSuchElementException: no such element: Unable to locate element: {"method":"css selector","selector":"button.jobs-s-apply__button"}
  (Session info: chrome=59.0.3071.115)
  (Driver info: chromedriver=2.30.477700 (0057494ad8732195794a7b32078424f92a5fce41),platform=Windows NT 10.0.15063 x86_64) (WARNING: The server did not provide any stacktrace information)
Command duration or timeout: 12 milliseconds
For documentation on this error, please visit: http://seleniumhq.org/exceptions/no_such_element.html
Build info: version: '2.50.1', revision: 'd7fc91b', time: '2016-01-29 19:08:26'
System info: host: 'LAPTOP-JNMEARUH', ip: '192.168.16.1', os.name: 'Windows 10', os.arch: 'amd64', os.version: '10.0', java.version: '1.8.0_101'
Driver info: org.openqa.selenium.chrome.ChromeDriver
Capabilities [{applicationCacheEnabled=false, rotatable=false, mobileEmulationEnabled=false, networkConnectionEnabled=false, chrome={chromedriverVersion=2.30.477700 (0057494ad8732195794a7b32078424f92a5fce41), userDataDir=C:\Users\daxes\AppData\Local\Temp\scoped_dir13660_1615}, takesHeapSnapshot=true, pageLoadStrategy=normal, databaseEnabled=false, handlesAlerts=true, hasTouchScreen=false, version=59.0.3071.115, platform=XP, browserConnectionEnabled=false, nativeEvents=true, acceptSslCerts=true, locationContextEnabled=true, webStorageEnabled=true, browserName=chrome, takesScreenshot=true, javascriptEnabled=true, cssSelectorsEnabled=true, unexpectedAlertBehaviour=}]
Session ID: 9656bb631a6b64893907fe579b782822
*** Element info: {Using=css selector, value=button.jobs-s-apply__button}
	at sun.reflect.NativeConstructorAccessorImpl.newInstance0(Native Method)
	at sun.reflect.NativeConstructorAccessorImpl.newInstance(Unknown Source)
	at sun.reflect.DelegatingConstructorAccessorImpl.newInstance(Unknown Source)
	at java.lang.reflect.Constructor.newInstance(Unknown Source)
	at org.openqa.selenium.remote.ErrorHandler.createThrowable(ErrorHandler.java:206)
	at org.openqa.selenium.remote.ErrorHandler.throwIfResponseFailed(ErrorHandler.java:158)
	at org.openqa.selenium.remote.RemoteWebDriver.execute(RemoteWebDriver.java:678)
	at org.openqa.selenium.remote.RemoteWebDriver.findElement(RemoteWebDriver.java:363)
	at org.openqa.selenium.remote.RemoteWebDriver.findElementByCssSelector(RemoteWebDriver.java:492)
	at org.openqa.selenium.By$ByCssSelector.findElement(By.java:430)
	at org.openqa.selenium.remote.RemoteWebDriver.findElement(RemoteWebDriver.java:355)
	at sun.reflect.GeneratedMethodAccessor9.invoke(Unknown Source)
	at sun.reflect.DelegatingMethodAccessorImpl.invoke(Unknown Source)
	at java.lang.reflect.Method.invoke(Unknown Source)
	at org.openqa.selenium.support.events.EventFiringWebDriver$2.invoke(EventFiringWebDriver.java:103)
	at com.sun.proxy.$Proxy1.findElement(Unknown Source)
	at org.openqa.selenium.support.events.EventFiringWebDriver.findElement(EventFiringWebDriver.java:188)
	at org.openqa.selenium.remote.server.handler.FindElement.call(FindElement.java:48)
	at org.openqa.selenium.remote.server.handler.FindElement.call(FindElement.java:1)
	at java.util.concurrent.FutureTask.run(Unknown Source)
	at org.openqa.selenium.remote.server.DefaultSession$1.run(DefaultSession.java:176)
	at java.util.concurrent.ThreadPoolExecutor.runWorker(Unknown Source)
	at java.util.concurrent.ThreadPoolExecutor$Worker.run(Unknown Source)
	at java.lang.Thread.run(Unknown Source)
22:47:02.490 WARN - Exception: no such element: Unable to locate element: {"method":"css selector","selector":"button.jobs-s-apply__button"}
  (Session info: chrome=59.0.3071.115)
  (Driver info: chromedriver=2.30.477700 (0057494ad8732195794a7b32078424f92a5fce41),platform=Windows NT 10.0.15063 x86_64) (WARNING: The server did not provide any stacktrace information)
Command duration or timeout: 12 milliseconds
For documentation on this error, please visit: http://seleniumhq.org/exceptions/no_such_element.html
Build info: version: '2.50.1', revision: 'd7fc91b', time: '2016-01-29 19:08:26'
System info: host: 'LAPTOP-JNMEARUH', ip: '192.168.16.1', os.name: 'Windows 10', os.arch: 'amd64', os.version: '10.0', java.version: '1.8.0_101'
Driver info: org.openqa.selenium.chrome.ChromeDriver
Capabilities [{applicationCacheEnabled=false, rotatable=false, mobileEmulationEnabled=false, networkConnectionEnabled=false, chrome={chromedriverVersion=2.30.477700 (0057494ad8732195794a7b32078424f92a5fce41), userDataDir=C:\Users\daxes\AppData\Local\Temp\scoped_dir13660_1615}, takesHeapSnapshot=true, pageLoadStrategy=normal, databaseEnabled=false, handlesAlerts=true, hasTouchScreen=false, version=59.0.3071.115, platform=XP, browserConnectionEnabled=false, nativeEvents=true, acceptSslCerts=true, locationContextEnabled=true, webStorageEnabled=true, browserName=chrome, takesScreenshot=true, javascriptEnabled=true, cssSelectorsEnabled=true, unexpectedAlertBehaviour=}]
Session ID: 9656bb631a6b64893907fe579b782822
*** Element info: {Using=css selector, value=button.jobs-s-apply__button}
22:47:02.511 INFO - Executing: [get: https://www.linkedin.com/jobs/view/380830593/?recommendedFlavor=HIDDEN_GEM&refId=5621683291500355990169&trk=d_flagship3_search_srp_jobs])
22:47:03.239 INFO - Done: [get: https://www.linkedin.com/jobs/view/380830593/?recommendedFlavor=HIDDEN_GEM&refId=5621683291500355990169&trk=d_flagship3_search_srp_jobs]
22:47:14.248 INFO - Executing: [find elements: By.cssSelector: body])
22:47:14.270 INFO - Done: [find elements: By.cssSelector: body]
22:47:14.277 INFO - Executing: [find element: By.cssSelector: button.jobs-s-apply__button])
22:47:14.288 INFO - Done: [find element: By.cssSelector: button.jobs-s-apply__button]
22:47:14.293 INFO - Executing: [find element: By.cssSelector: button.jobs-s-apply__button])
22:47:14.308 INFO - Done: [find element: By.cssSelector: button.jobs-s-apply__button]
22:47:14.313 INFO - Executing: [click: 17 [[ChromeDriver: chrome on XP (9656bb631a6b64893907fe579b782822)] -> css selector: button.jobs-s-apply__button]])
22:47:14.438 INFO - Done: [click: 17 [[ChromeDriver: chrome on XP (9656bb631a6b64893907fe579b782822)] -> css selector: button.jobs-s-apply__button]]
22:47:18.449 INFO - Executing: [find element: By.cssSelector: #apply-form-phone-input])
22:47:18.482 INFO - Done: [find element: By.cssSelector: #apply-form-phone-input]
22:47:21.487 INFO - Executing: [find element: By.cssSelector: #apply-form-phone-input])
22:47:21.501 INFO - Done: [find element: By.cssSelector: #apply-form-phone-input]
22:47:21.506 INFO - Executing: [send keys: 18 [[ChromeDriver: chrome on XP (9656bb631a6b64893907fe579b782822)] -> css selector: #apply-form-phone-input], [6, 1, 9, 6, 0, 6, 7, 3, 3, 8]])
22:47:21.625 INFO - Done: [send keys: 18 [[ChromeDriver: chrome on XP (9656bb631a6b64893907fe579b782822)] -> css selector: #apply-form-phone-input], [6, 1, 9, 6, 0, 6, 7, 3, 3, 8]]
22:47:21.629 INFO - Executing: [find element: By.cssSelector: #file-browse-input])
22:47:21.655 INFO - Done: [find element: By.cssSelector: #file-browse-input]
22:47:24.664 INFO - Executing: [find element: By.cssSelector: #file-browse-input])
22:47:24.685 INFO - Done: [find element: By.cssSelector: #file-browse-input]
22:47:24.689 INFO - Executing: [send keys: 19 [[ChromeDriver: chrome on XP (9656bb631a6b64893907fe579b782822)] -> css selector: #file-browse-input], [F, :, \, d, a, x, e, s, h, _, m, e, h, r, a, _, R, e, s, u, m, e, _, f, i, n, a, l, ., d, o, c, x]])
22:47:24.722 INFO - Done: [send keys: 19 [[ChromeDriver: chrome on XP (9656bb631a6b64893907fe579b782822)] -> css selector: #file-browse-input], [F, :, \, d, a, x, e, s, h, _, m, e, h, r, a, _, R, e, s, u, m, e, _, f, i, n, a, l, ., d, o, c, x]]
22:47:24.726 INFO - Executing: [find element: By.cssSelector: button[type='submit'].jobs-apply-form__submit-button])
22:47:24.751 INFO - Done: [find element: By.cssSelector: button[type='submit'].jobs-apply-form__submit-button]
22:47:27.757 INFO - Executing: [find element: By.cssSelector: button[type='submit'].jobs-apply-form__submit-button])
22:47:27.769 INFO - Done: [find element: By.cssSelector: button[type='submit'].jobs-apply-form__submit-button]
22:47:27.773 INFO - Executing: [click: 20 [[ChromeDriver: chrome on XP (9656bb631a6b64893907fe579b782822)] -> css selector: button[type='submit'].jobs-apply-form__submit-button]])
22:47:27.864 INFO - Done: [click: 20 [[ChromeDriver: chrome on XP (9656bb631a6b64893907fe579b782822)] -> css selector: button[type='submit'].jobs-apply-form__submit-button]]
22:47:27.872 INFO - Executing: [get: https://www.linkedin.com/jobs/view/305630434/?recommendedFlavor=SCHOOL_RECRUIT&refId=5621683291500355990169&trk=d_flagship3_search_srp_jobs])
22:47:29.139 INFO - Done: [get: https://www.linkedin.com/jobs/view/305630434/?recommendedFlavor=SCHOOL_RECRUIT&refId=5621683291500355990169&trk=d_flagship3_search_srp_jobs]
22:47:40.149 INFO - Executing: [find elements: By.cssSelector: body])
22:47:40.168 INFO - Done: [find elements: By.cssSelector: body]
22:47:40.173 INFO - Executing: [find element: By.cssSelector: button.jobs-s-apply__button])
22:47:40.185 INFO - Done: [find element: By.cssSelector: button.jobs-s-apply__button]
22:47:40.190 INFO - Executing: [find element: By.cssSelector: button.jobs-s-apply__button])
22:47:40.212 INFO - Done: [find element: By.cssSelector: button.jobs-s-apply__button]
22:47:40.217 INFO - Executing: [click: 22 [[ChromeDriver: chrome on XP (9656bb631a6b64893907fe579b782822)] -> css selector: button.jobs-s-apply__button]])
22:47:40.344 INFO - Done: [click: 22 [[ChromeDriver: chrome on XP (9656bb631a6b64893907fe579b782822)] -> css selector: button.jobs-s-apply__button]]
22:47:44.364 INFO - Executing: [find element: By.cssSelector: #apply-form-phone-input])
22:47:44.681 WARN - Exception thrown
org.openqa.selenium.NoSuchElementException: no such element: Unable to locate element: {"method":"css selector","selector":"#apply-form-phone-input"}
  (Session info: chrome=59.0.3071.115)
  (Driver info: chromedriver=2.30.477700 (0057494ad8732195794a7b32078424f92a5fce41),platform=Windows NT 10.0.15063 x86_64) (WARNING: The server did not provide any stacktrace information)
Command duration or timeout: 27 milliseconds
For documentation on this error, please visit: http://seleniumhq.org/exceptions/no_such_element.html
Build info: version: '2.50.1', revision: 'd7fc91b', time: '2016-01-29 19:08:26'
System info: host: 'LAPTOP-JNMEARUH', ip: '192.168.16.1', os.name: 'Windows 10', os.arch: 'amd64', os.version: '10.0', java.version: '1.8.0_101'
Driver info: org.openqa.selenium.chrome.ChromeDriver
Capabilities [{applicationCacheEnabled=false, rotatable=false, mobileEmulationEnabled=false, networkConnectionEnabled=false, chrome={chromedriverVersion=2.30.477700 (0057494ad8732195794a7b32078424f92a5fce41), userDataDir=C:\Users\daxes\AppData\Local\Temp\scoped_dir13660_1615}, takesHeapSnapshot=true, pageLoadStrategy=normal, databaseEnabled=false, handlesAlerts=true, hasTouchScreen=false, version=59.0.3071.115, platform=XP, browserConnectionEnabled=false, nativeEvents=true, acceptSslCerts=true, locationContextEnabled=true, webStorageEnabled=true, browserName=chrome, takesScreenshot=true, javascriptEnabled=true, cssSelectorsEnabled=true, unexpectedAlertBehaviour=}]
Session ID: 9656bb631a6b64893907fe579b782822
*** Element info: {Using=css selector, value=#apply-form-phone-input}
	at sun.reflect.NativeConstructorAccessorImpl.newInstance0(Native Method)
	at sun.reflect.NativeConstructorAccessorImpl.newInstance(Unknown Source)
	at sun.reflect.DelegatingConstructorAccessorImpl.newInstance(Unknown Source)
	at java.lang.reflect.Constructor.newInstance(Unknown Source)
	at org.openqa.selenium.remote.ErrorHandler.createThrowable(ErrorHandler.java:206)
	at org.openqa.selenium.remote.ErrorHandler.throwIfResponseFailed(ErrorHandler.java:158)
	at org.openqa.selenium.remote.RemoteWebDriver.execute(RemoteWebDriver.java:678)
	at org.openqa.selenium.remote.RemoteWebDriver.findElement(RemoteWebDriver.java:363)
	at org.openqa.selenium.remote.RemoteWebDriver.findElementByCssSelector(RemoteWebDriver.java:492)
	at org.openqa.selenium.By$ByCssSelector.findElement(By.java:430)
	at org.openqa.selenium.remote.RemoteWebDriver.findElement(RemoteWebDriver.java:355)
	at sun.reflect.GeneratedMethodAccessor9.invoke(Unknown Source)
	at sun.reflect.DelegatingMethodAccessorImpl.invoke(Unknown Source)
	at java.lang.reflect.Method.invoke(Unknown Source)
	at org.openqa.selenium.support.events.EventFiringWebDriver$2.invoke(EventFiringWebDriver.java:103)
	at com.sun.proxy.$Proxy1.findElement(Unknown Source)
	at org.openqa.selenium.support.events.EventFiringWebDriver.findElement(EventFiringWebDriver.java:188)
	at org.openqa.selenium.remote.server.handler.FindElement.call(FindElement.java:48)
	at org.openqa.selenium.remote.server.handler.FindElement.call(FindElement.java:1)
	at java.util.concurrent.FutureTask.run(Unknown Source)
	at org.openqa.selenium.remote.server.DefaultSession$1.run(DefaultSession.java:176)
	at java.util.concurrent.ThreadPoolExecutor.runWorker(Unknown Source)
	at java.util.concurrent.ThreadPoolExecutor$Worker.run(Unknown Source)
	at java.lang.Thread.run(Unknown Source)
22:47:44.683 WARN - Exception: no such element: Unable to locate element: {"method":"css selector","selector":"#apply-form-phone-input"}
  (Session info: chrome=59.0.3071.115)
  (Driver info: chromedriver=2.30.477700 (0057494ad8732195794a7b32078424f92a5fce41),platform=Windows NT 10.0.15063 x86_64) (WARNING: The server did not provide any stacktrace information)
Command duration or timeout: 27 milliseconds
For documentation on this error, please visit: http://seleniumhq.org/exceptions/no_such_element.html
Build info: version: '2.50.1', revision: 'd7fc91b', time: '2016-01-29 19:08:26'
System info: host: 'LAPTOP-JNMEARUH', ip: '192.168.16.1', os.name: 'Windows 10', os.arch: 'amd64', os.version: '10.0', java.version: '1.8.0_101'
Driver info: org.openqa.selenium.chrome.ChromeDriver
Capabilities [{applicationCacheEnabled=false, rotatable=false, mobileEmulationEnabled=false, networkConnectionEnabled=false, chrome={chromedriverVersion=2.30.477700 (0057494ad8732195794a7b32078424f92a5fce41), userDataDir=C:\Users\daxes\AppData\Local\Temp\scoped_dir13660_1615}, takesHeapSnapshot=true, pageLoadStrategy=normal, databaseEnabled=false, handlesAlerts=true, hasTouchScreen=false, version=59.0.3071.115, platform=XP, browserConnectionEnabled=false, nativeEvents=true, acceptSslCerts=true, locationContextEnabled=true, webStorageEnabled=true, browserName=chrome, takesScreenshot=true, javascriptEnabled=true, cssSelectorsEnabled=true, unexpectedAlertBehaviour=}]
Session ID: 9656bb631a6b64893907fe579b782822
*** Element info: {Using=css selector, value=#apply-form-phone-input}
22:47:44.720 INFO - Executing: [find element: By.cssSelector: #file-browse-input])
22:47:45.000 WARN - Exception thrown
org.openqa.selenium.NoSuchElementException: no such element: Unable to locate element: {"method":"css selector","selector":"#file-browse-input"}
  (Session info: chrome=59.0.3071.115)
  (Driver info: chromedriver=2.30.477700 (0057494ad8732195794a7b32078424f92a5fce41),platform=Windows NT 10.0.15063 x86_64) (WARNING: The server did not provide any stacktrace information)
Command duration or timeout: 23 milliseconds
For documentation on this error, please visit: http://seleniumhq.org/exceptions/no_such_element.html
Build info: version: '2.50.1', revision: 'd7fc91b', time: '2016-01-29 19:08:26'
System info: host: 'LAPTOP-JNMEARUH', ip: '192.168.16.1', os.name: 'Windows 10', os.arch: 'amd64', os.version: '10.0', java.version: '1.8.0_101'
Driver info: org.openqa.selenium.chrome.ChromeDriver
Capabilities [{applicationCacheEnabled=false, rotatable=false, mobileEmulationEnabled=false, networkConnectionEnabled=false, chrome={chromedriverVersion=2.30.477700 (0057494ad8732195794a7b32078424f92a5fce41), userDataDir=C:\Users\daxes\AppData\Local\Temp\scoped_dir13660_1615}, takesHeapSnapshot=true, pageLoadStrategy=normal, databaseEnabled=false, handlesAlerts=true, hasTouchScreen=false, version=59.0.3071.115, platform=XP, browserConnectionEnabled=false, nativeEvents=true, acceptSslCerts=true, locationContextEnabled=true, webStorageEnabled=true, browserName=chrome, takesScreenshot=true, javascriptEnabled=true, cssSelectorsEnabled=true, unexpectedAlertBehaviour=}]
Session ID: 9656bb631a6b64893907fe579b782822
*** Element info: {Using=css selector, value=#file-browse-input}
	at sun.reflect.NativeConstructorAccessorImpl.newInstance0(Native Method)
	at sun.reflect.NativeConstructorAccessorImpl.newInstance(Unknown Source)
	at sun.reflect.DelegatingConstructorAccessorImpl.newInstance(Unknown Source)
	at java.lang.reflect.Constructor.newInstance(Unknown Source)
	at org.openqa.selenium.remote.ErrorHandler.createThrowable(ErrorHandler.java:206)
	at org.openqa.selenium.remote.ErrorHandler.throwIfResponseFailed(ErrorHandler.java:158)
	at org.openqa.selenium.remote.RemoteWebDriver.execute(RemoteWebDriver.java:678)
	at org.openqa.selenium.remote.RemoteWebDriver.findElement(RemoteWebDriver.java:363)
	at org.openqa.selenium.remote.RemoteWebDriver.findElementByCssSelector(RemoteWebDriver.java:492)
	at org.openqa.selenium.By$ByCssSelector.findElement(By.java:430)
	at org.openqa.selenium.remote.RemoteWebDriver.findElement(RemoteWebDriver.java:355)
	at sun.reflect.GeneratedMethodAccessor9.invoke(Unknown Source)
	at sun.reflect.DelegatingMethodAccessorImpl.invoke(Unknown Source)
	at java.lang.reflect.Method.invoke(Unknown Source)
	at org.openqa.selenium.support.events.EventFiringWebDriver$2.invoke(EventFiringWebDriver.java:103)
	at com.sun.proxy.$Proxy1.findElement(Unknown Source)
	at org.openqa.selenium.support.events.EventFiringWebDriver.findElement(EventFiringWebDriver.java:188)
	at org.openqa.selenium.remote.server.handler.FindElement.call(FindElement.java:48)
	at org.openqa.selenium.remote.server.handler.FindElement.call(FindElement.java:1)
	at java.util.concurrent.FutureTask.run(Unknown Source)
	at org.openqa.selenium.remote.server.DefaultSession$1.run(DefaultSession.java:176)
	at java.util.concurrent.ThreadPoolExecutor.runWorker(Unknown Source)
	at java.util.concurrent.ThreadPoolExecutor$Worker.run(Unknown Source)
	at java.lang.Thread.run(Unknown Source)
22:47:45.001 WARN - Exception: no such element: Unable to locate element: {"method":"css selector","selector":"#file-browse-input"}
  (Session info: chrome=59.0.3071.115)
  (Driver info: chromedriver=2.30.477700 (0057494ad8732195794a7b32078424f92a5fce41),platform=Windows NT 10.0.15063 x86_64) (WARNING: The server did not provide any stacktrace information)
Command duration or timeout: 23 milliseconds
For documentation on this error, please visit: http://seleniumhq.org/exceptions/no_such_element.html
Build info: version: '2.50.1', revision: 'd7fc91b', time: '2016-01-29 19:08:26'
System info: host: 'LAPTOP-JNMEARUH', ip: '192.168.16.1', os.name: 'Windows 10', os.arch: 'amd64', os.version: '10.0', java.version: '1.8.0_101'
Driver info: org.openqa.selenium.chrome.ChromeDriver
Capabilities [{applicationCacheEnabled=false, rotatable=false, mobileEmulationEnabled=false, networkConnectionEnabled=false, chrome={chromedriverVersion=2.30.477700 (0057494ad8732195794a7b32078424f92a5fce41), userDataDir=C:\Users\daxes\AppData\Local\Temp\scoped_dir13660_1615}, takesHeapSnapshot=true, pageLoadStrategy=normal, databaseEnabled=false, handlesAlerts=true, hasTouchScreen=false, version=59.0.3071.115, platform=XP, browserConnectionEnabled=false, nativeEvents=true, acceptSslCerts=true, locationContextEnabled=true, webStorageEnabled=true, browserName=chrome, takesScreenshot=true, javascriptEnabled=true, cssSelectorsEnabled=true, unexpectedAlertBehaviour=}]
Session ID: 9656bb631a6b64893907fe579b782822
*** Element info: {Using=css selector, value=#file-browse-input}
22:47:45.050 INFO - Executing: [find element: By.cssSelector: button[type='submit'].jobs-apply-form__submit-button])
22:47:45.471 WARN - Exception thrown
org.openqa.selenium.NoSuchElementException: no such element: Unable to locate element: {"method":"css selector","selector":"button[type='submit'].jobs-apply-form__submit-button"}
  (Session info: chrome=59.0.3071.115)
  (Driver info: chromedriver=2.30.477700 (0057494ad8732195794a7b32078424f92a5fce41),platform=Windows NT 10.0.15063 x86_64) (WARNING: The server did not provide any stacktrace information)
Command duration or timeout: 71 milliseconds
For documentation on this error, please visit: http://seleniumhq.org/exceptions/no_such_element.html
Build info: version: '2.50.1', revision: 'd7fc91b', time: '2016-01-29 19:08:26'
System info: host: 'LAPTOP-JNMEARUH', ip: '192.168.16.1', os.name: 'Windows 10', os.arch: 'amd64', os.version: '10.0', java.version: '1.8.0_101'
Driver info: org.openqa.selenium.chrome.ChromeDriver
Capabilities [{applicationCacheEnabled=false, rotatable=false, mobileEmulationEnabled=false, networkConnectionEnabled=false, chrome={chromedriverVersion=2.30.477700 (0057494ad8732195794a7b32078424f92a5fce41), userDataDir=C:\Users\daxes\AppData\Local\Temp\scoped_dir13660_1615}, takesHeapSnapshot=true, pageLoadStrategy=normal, databaseEnabled=false, handlesAlerts=true, hasTouchScreen=false, version=59.0.3071.115, platform=XP, browserConnectionEnabled=false, nativeEvents=true, acceptSslCerts=true, locationContextEnabled=true, webStorageEnabled=true, browserName=chrome, takesScreenshot=true, javascriptEnabled=true, cssSelectorsEnabled=true, unexpectedAlertBehaviour=}]
Session ID: 9656bb631a6b64893907fe579b782822
*** Element info: {Using=css selector, value=button[type='submit'].jobs-apply-form__submit-button}
	at sun.reflect.NativeConstructorAccessorImpl.newInstance0(Native Method)
	at sun.reflect.NativeConstructorAccessorImpl.newInstance(Unknown Source)
	at sun.reflect.DelegatingConstructorAccessorImpl.newInstance(Unknown Source)
	at java.lang.reflect.Constructor.newInstance(Unknown Source)
	at org.openqa.selenium.remote.ErrorHandler.createThrowable(ErrorHandler.java:206)
	at org.openqa.selenium.remote.ErrorHandler.throwIfResponseFailed(ErrorHandler.java:158)
	at org.openqa.selenium.remote.RemoteWebDriver.execute(RemoteWebDriver.java:678)
	at org.openqa.selenium.remote.RemoteWebDriver.findElement(RemoteWebDriver.java:363)
	at org.openqa.selenium.remote.RemoteWebDriver.findElementByCssSelector(RemoteWebDriver.java:492)
	at org.openqa.selenium.By$ByCssSelector.findElement(By.java:430)
	at org.openqa.selenium.remote.RemoteWebDriver.findElement(RemoteWebDriver.java:355)
	at sun.reflect.GeneratedMethodAccessor9.invoke(Unknown Source)
	at sun.reflect.DelegatingMethodAccessorImpl.invoke(Unknown Source)
	at java.lang.reflect.Method.invoke(Unknown Source)
	at org.openqa.selenium.support.events.EventFiringWebDriver$2.invoke(EventFiringWebDriver.java:103)
	at com.sun.proxy.$Proxy1.findElement(Unknown Source)
	at org.openqa.selenium.support.events.EventFiringWebDriver.findElement(EventFiringWebDriver.java:188)
	at org.openqa.selenium.remote.server.handler.FindElement.call(FindElement.java:48)
	at org.openqa.selenium.remote.server.handler.FindElement.call(FindElement.java:1)
	at java.util.concurrent.FutureTask.run(Unknown Source)
	at org.openqa.selenium.remote.server.DefaultSession$1.run(DefaultSession.java:176)
	at java.util.concurrent.ThreadPoolExecutor.runWorker(Unknown Source)
	at java.util.concurrent.ThreadPoolExecutor$Worker.run(Unknown Source)
	at java.lang.Thread.run(Unknown Source)
22:47:45.472 WARN - Exception: no such element: Unable to locate element: {"method":"css selector","selector":"button[type='submit'].jobs-apply-form__submit-button"}
  (Session info: chrome=59.0.3071.115)
  (Driver info: chromedriver=2.30.477700 (0057494ad8732195794a7b32078424f92a5fce41),platform=Windows NT 10.0.15063 x86_64) (WARNING: The server did not provide any stacktrace information)
Command duration or timeout: 71 milliseconds
For documentation on this error, please visit: http://seleniumhq.org/exceptions/no_such_element.html
Build info: version: '2.50.1', revision: 'd7fc91b', time: '2016-01-29 19:08:26'
System info: host: 'LAPTOP-JNMEARUH', ip: '192.168.16.1', os.name: 'Windows 10', os.arch: 'amd64', os.version: '10.0', java.version: '1.8.0_101'
Driver info: org.openqa.selenium.chrome.ChromeDriver
Capabilities [{applicationCacheEnabled=false, rotatable=false, mobileEmulationEnabled=false, networkConnectionEnabled=false, chrome={chromedriverVersion=2.30.477700 (0057494ad8732195794a7b32078424f92a5fce41), userDataDir=C:\Users\daxes\AppData\Local\Temp\scoped_dir13660_1615}, takesHeapSnapshot=true, pageLoadStrategy=normal, databaseEnabled=false, handlesAlerts=true, hasTouchScreen=false, version=59.0.3071.115, platform=XP, browserConnectionEnabled=false, nativeEvents=true, acceptSslCerts=true, locationContextEnabled=true, webStorageEnabled=true, browserName=chrome, takesScreenshot=true, javascriptEnabled=true, cssSelectorsEnabled=true, unexpectedAlertBehaviour=}]
Session ID: 9656bb631a6b64893907fe579b782822
*** Element info: {Using=css selector, value=button[type='submit'].jobs-apply-form__submit-button}
22:47:45.505 INFO - Executing: [get: https://www.linkedin.com/jobs/view/374371731/?refId=5621683291500356050426&trk=d_flagship3_search_srp_jobs])
22:47:47.088 INFO - Done: [get: https://www.linkedin.com/jobs/view/374371731/?refId=5621683291500356050426&trk=d_flagship3_search_srp_jobs]
22:47:58.095 INFO - Executing: [find elements: By.cssSelector: body])
22:47:58.113 INFO - Done: [find elements: By.cssSelector: body]
22:47:58.121 INFO - Executing: [find element: By.cssSelector: button.jobs-s-apply__button])
22:47:58.362 WARN - Exception thrown
org.openqa.selenium.NoSuchElementException: no such element: Unable to locate element: {"method":"css selector","selector":"button.jobs-s-apply__button"}
  (Session info: chrome=59.0.3071.115)
  (Driver info: chromedriver=2.30.477700 (0057494ad8732195794a7b32078424f92a5fce41),platform=Windows NT 10.0.15063 x86_64) (WARNING: The server did not provide any stacktrace information)
Command duration or timeout: 32 milliseconds
For documentation on this error, please visit: http://seleniumhq.org/exceptions/no_such_element.html
Build info: version: '2.50.1', revision: 'd7fc91b', time: '2016-01-29 19:08:26'
System info: host: 'LAPTOP-JNMEARUH', ip: '192.168.16.1', os.name: 'Windows 10', os.arch: 'amd64', os.version: '10.0', java.version: '1.8.0_101'
Driver info: org.openqa.selenium.chrome.ChromeDriver
Capabilities [{applicationCacheEnabled=false, rotatable=false, mobileEmulationEnabled=false, networkConnectionEnabled=false, chrome={chromedriverVersion=2.30.477700 (0057494ad8732195794a7b32078424f92a5fce41), userDataDir=C:\Users\daxes\AppData\Local\Temp\scoped_dir13660_1615}, takesHeapSnapshot=true, pageLoadStrategy=normal, databaseEnabled=false, handlesAlerts=true, hasTouchScreen=false, version=59.0.3071.115, platform=XP, browserConnectionEnabled=false, nativeEvents=true, acceptSslCerts=true, locationContextEnabled=true, webStorageEnabled=true, browserName=chrome, takesScreenshot=true, javascriptEnabled=true, cssSelectorsEnabled=true, unexpectedAlertBehaviour=}]
Session ID: 9656bb631a6b64893907fe579b782822
*** Element info: {Using=css selector, value=button.jobs-s-apply__button}
	at sun.reflect.NativeConstructorAccessorImpl.newInstance0(Native Method)
	at sun.reflect.NativeConstructorAccessorImpl.newInstance(Unknown Source)
	at sun.reflect.DelegatingConstructorAccessorImpl.newInstance(Unknown Source)
	at java.lang.reflect.Constructor.newInstance(Unknown Source)
	at org.openqa.selenium.remote.ErrorHandler.createThrowable(ErrorHandler.java:206)
	at org.openqa.selenium.remote.ErrorHandler.throwIfResponseFailed(ErrorHandler.java:158)
	at org.openqa.selenium.remote.RemoteWebDriver.execute(RemoteWebDriver.java:678)
	at org.openqa.selenium.remote.RemoteWebDriver.findElement(RemoteWebDriver.java:363)
	at org.openqa.selenium.remote.RemoteWebDriver.findElementByCssSelector(RemoteWebDriver.java:492)
	at org.openqa.selenium.By$ByCssSelector.findElement(By.java:430)
	at org.openqa.selenium.remote.RemoteWebDriver.findElement(RemoteWebDriver.java:355)
	at sun.reflect.GeneratedMethodAccessor9.invoke(Unknown Source)
	at sun.reflect.DelegatingMethodAccessorImpl.invoke(Unknown Source)
	at java.lang.reflect.Method.invoke(Unknown Source)
	at org.openqa.selenium.support.events.EventFiringWebDriver$2.invoke(EventFiringWebDriver.java:103)
	at com.sun.proxy.$Proxy1.findElement(Unknown Source)
	at org.openqa.selenium.support.events.EventFiringWebDriver.findElement(EventFiringWebDriver.java:188)
	at org.openqa.selenium.remote.server.handler.FindElement.call(FindElement.java:48)
	at org.openqa.selenium.remote.server.handler.FindElement.call(FindElement.java:1)
	at java.util.concurrent.FutureTask.run(Unknown Source)
	at org.openqa.selenium.remote.server.DefaultSession$1.run(DefaultSession.java:176)
	at java.util.concurrent.ThreadPoolExecutor.runWorker(Unknown Source)
	at java.util.concurrent.ThreadPoolExecutor$Worker.run(Unknown Source)
	at java.lang.Thread.run(Unknown Source)
22:47:58.362 WARN - Exception: no such element: Unable to locate element: {"method":"css selector","selector":"button.jobs-s-apply__button"}
  (Session info: chrome=59.0.3071.115)
  (Driver info: chromedriver=2.30.477700 (0057494ad8732195794a7b32078424f92a5fce41),platform=Windows NT 10.0.15063 x86_64) (WARNING: The server did not provide any stacktrace information)
Command duration or timeout: 32 milliseconds
For documentation on this error, please visit: http://seleniumhq.org/exceptions/no_such_element.html
Build info: version: '2.50.1', revision: 'd7fc91b', time: '2016-01-29 19:08:26'
System info: host: 'LAPTOP-JNMEARUH', ip: '192.168.16.1', os.name: 'Windows 10', os.arch: 'amd64', os.version: '10.0', java.version: '1.8.0_101'
Driver info: org.openqa.selenium.chrome.ChromeDriver
Capabilities [{applicationCacheEnabled=false, rotatable=false, mobileEmulationEnabled=false, networkConnectionEnabled=false, chrome={chromedriverVersion=2.30.477700 (0057494ad8732195794a7b32078424f92a5fce41), userDataDir=C:\Users\daxes\AppData\Local\Temp\scoped_dir13660_1615}, takesHeapSnapshot=true, pageLoadStrategy=normal, databaseEnabled=false, handlesAlerts=true, hasTouchScreen=false, version=59.0.3071.115, platform=XP, browserConnectionEnabled=false, nativeEvents=true, acceptSslCerts=true, locationContextEnabled=true, webStorageEnabled=true, browserName=chrome, takesScreenshot=true, javascriptEnabled=true, cssSelectorsEnabled=true, unexpectedAlertBehaviour=}]
Session ID: 9656bb631a6b64893907fe579b782822
*** Element info: {Using=css selector, value=button.jobs-s-apply__button}
22:47:58.405 INFO - Executing: [get: https://www.linkedin.com/jobs/view/398131472/?recommendedFlavor=HIDDEN_GEM&refId=5621683291500356517627&trk=d_flagship3_search_srp_jobs])
22:47:59.119 INFO - Done: [get: https://www.linkedin.com/jobs/view/398131472/?recommendedFlavor=HIDDEN_GEM&refId=5621683291500356517627&trk=d_flagship3_search_srp_jobs]
22:48:10.162 INFO - Executing: [find elements: By.cssSelector: body])
22:48:10.178 INFO - Done: [find elements: By.cssSelector: body]
22:48:10.193 INFO - Executing: [find element: By.cssSelector: button.jobs-s-apply__button])
22:48:10.440 WARN - Exception thrown
org.openqa.selenium.NoSuchElementException: no such element: Unable to locate element: {"method":"css selector","selector":"button.jobs-s-apply__button"}
  (Session info: chrome=59.0.3071.115)
  (Driver info: chromedriver=2.30.477700 (0057494ad8732195794a7b32078424f92a5fce41),platform=Windows NT 10.0.15063 x86_64) (WARNING: The server did not provide any stacktrace information)
Command duration or timeout: 34 milliseconds
For documentation on this error, please visit: http://seleniumhq.org/exceptions/no_such_element.html
Build info: version: '2.50.1', revision: 'd7fc91b', time: '2016-01-29 19:08:26'
System info: host: 'LAPTOP-JNMEARUH', ip: '192.168.16.1', os.name: 'Windows 10', os.arch: 'amd64', os.version: '10.0', java.version: '1.8.0_101'
Driver info: org.openqa.selenium.chrome.ChromeDriver
Capabilities [{applicationCacheEnabled=false, rotatable=false, mobileEmulationEnabled=false, networkConnectionEnabled=false, chrome={chromedriverVersion=2.30.477700 (0057494ad8732195794a7b32078424f92a5fce41), userDataDir=C:\Users\daxes\AppData\Local\Temp\scoped_dir13660_1615}, takesHeapSnapshot=true, pageLoadStrategy=normal, databaseEnabled=false, handlesAlerts=true, hasTouchScreen=false, version=59.0.3071.115, platform=XP, browserConnectionEnabled=false, nativeEvents=true, acceptSslCerts=true, locationContextEnabled=true, webStorageEnabled=true, browserName=chrome, takesScreenshot=true, javascriptEnabled=true, cssSelectorsEnabled=true, unexpectedAlertBehaviour=}]
Session ID: 9656bb631a6b64893907fe579b782822
*** Element info: {Using=css selector, value=button.jobs-s-apply__button}
	at sun.reflect.NativeConstructorAccessorImpl.newInstance0(Native Method)
	at sun.reflect.NativeConstructorAccessorImpl.newInstance(Unknown Source)
	at sun.reflect.DelegatingConstructorAccessorImpl.newInstance(Unknown Source)
	at java.lang.reflect.Constructor.newInstance(Unknown Source)
	at org.openqa.selenium.remote.ErrorHandler.createThrowable(ErrorHandler.java:206)
	at org.openqa.selenium.remote.ErrorHandler.throwIfResponseFailed(ErrorHandler.java:158)
	at org.openqa.selenium.remote.RemoteWebDriver.execute(RemoteWebDriver.java:678)
	at org.openqa.selenium.remote.RemoteWebDriver.findElement(RemoteWebDriver.java:363)
	at org.openqa.selenium.remote.RemoteWebDriver.findElementByCssSelector(RemoteWebDriver.java:492)
	at org.openqa.selenium.By$ByCssSelector.findElement(By.java:430)
	at org.openqa.selenium.remote.RemoteWebDriver.findElement(RemoteWebDriver.java:355)
	at sun.reflect.GeneratedMethodAccessor9.invoke(Unknown Source)
	at sun.reflect.DelegatingMethodAccessorImpl.invoke(Unknown Source)
	at java.lang.reflect.Method.invoke(Unknown Source)
	at org.openqa.selenium.support.events.EventFiringWebDriver$2.invoke(EventFiringWebDriver.java:103)
	at com.sun.proxy.$Proxy1.findElement(Unknown Source)
	at org.openqa.selenium.support.events.EventFiringWebDriver.findElement(EventFiringWebDriver.java:188)
	at org.openqa.selenium.remote.server.handler.FindElement.call(FindElement.java:48)
	at org.openqa.selenium.remote.server.handler.FindElement.call(FindElement.java:1)
	at java.util.concurrent.FutureTask.run(Unknown Source)
	at org.openqa.selenium.remote.server.DefaultSession$1.run(DefaultSession.java:176)
	at java.util.concurrent.ThreadPoolExecutor.runWorker(Unknown Source)
	at java.util.concurrent.ThreadPoolExecutor$Worker.run(Unknown Source)
	at java.lang.Thread.run(Unknown Source)
22:48:10.441 WARN - Exception: no such element: Unable to locate element: {"method":"css selector","selector":"button.jobs-s-apply__button"}
  (Session info: chrome=59.0.3071.115)
  (Driver info: chromedriver=2.30.477700 (0057494ad8732195794a7b32078424f92a5fce41),platform=Windows NT 10.0.15063 x86_64) (WARNING: The server did not provide any stacktrace information)
Command duration or timeout: 34 milliseconds
For documentation on this error, please visit: http://seleniumhq.org/exceptions/no_such_element.html
Build info: version: '2.50.1', revision: 'd7fc91b', time: '2016-01-29 19:08:26'
System info: host: 'LAPTOP-JNMEARUH', ip: '192.168.16.1', os.name: 'Windows 10', os.arch: 'amd64', os.version: '10.0', java.version: '1.8.0_101'
Driver info: org.openqa.selenium.chrome.ChromeDriver
Capabilities [{applicationCacheEnabled=false, rotatable=false, mobileEmulationEnabled=false, networkConnectionEnabled=false, chrome={chromedriverVersion=2.30.477700 (0057494ad8732195794a7b32078424f92a5fce41), userDataDir=C:\Users\daxes\AppData\Local\Temp\scoped_dir13660_1615}, takesHeapSnapshot=true, pageLoadStrategy=normal, databaseEnabled=false, handlesAlerts=true, hasTouchScreen=false, version=59.0.3071.115, platform=XP, browserConnectionEnabled=false, nativeEvents=true, acceptSslCerts=true, locationContextEnabled=true, webStorageEnabled=true, browserName=chrome, takesScreenshot=true, javascriptEnabled=true, cssSelectorsEnabled=true, unexpectedAlertBehaviour=}]
Session ID: 9656bb631a6b64893907fe579b782822
*** Element info: {Using=css selector, value=button.jobs-s-apply__button}
22:48:10.459 INFO - Executing: [get: https://www.linkedin.com/jobs/view/346747586/?recommendedFlavor=HIDDEN_GEM&refId=5621683291500356518379&trk=d_flagship3_search_srp_jobs])
22:48:11.027 INFO - Done: [get: https://www.linkedin.com/jobs/view/346747586/?recommendedFlavor=HIDDEN_GEM&refId=5621683291500356518379&trk=d_flagship3_search_srp_jobs]
22:48:22.051 INFO - Executing: [find elements: By.cssSelector: body])
22:48:22.067 INFO - Done: [find elements: By.cssSelector: body]
22:48:22.067 INFO - Executing: [find element: By.cssSelector: button.jobs-s-apply__button])
22:48:22.347 WARN - Exception thrown
org.openqa.selenium.NoSuchElementException: no such element: Unable to locate element: {"method":"css selector","selector":"button.jobs-s-apply__button"}
  (Session info: chrome=59.0.3071.115)
  (Driver info: chromedriver=2.30.477700 (0057494ad8732195794a7b32078424f92a5fce41),platform=Windows NT 10.0.15063 x86_64) (WARNING: The server did not provide any stacktrace information)
Command duration or timeout: 45 milliseconds
For documentation on this error, please visit: http://seleniumhq.org/exceptions/no_such_element.html
Build info: version: '2.50.1', revision: 'd7fc91b', time: '2016-01-29 19:08:26'
System info: host: 'LAPTOP-JNMEARUH', ip: '192.168.16.1', os.name: 'Windows 10', os.arch: 'amd64', os.version: '10.0', java.version: '1.8.0_101'
Driver info: org.openqa.selenium.chrome.ChromeDriver
Capabilities [{applicationCacheEnabled=false, rotatable=false, mobileEmulationEnabled=false, networkConnectionEnabled=false, chrome={chromedriverVersion=2.30.477700 (0057494ad8732195794a7b32078424f92a5fce41), userDataDir=C:\Users\daxes\AppData\Local\Temp\scoped_dir13660_1615}, takesHeapSnapshot=true, pageLoadStrategy=normal, databaseEnabled=false, handlesAlerts=true, hasTouchScreen=false, version=59.0.3071.115, platform=XP, browserConnectionEnabled=false, nativeEvents=true, acceptSslCerts=true, locationContextEnabled=true, webStorageEnabled=true, browserName=chrome, takesScreenshot=true, javascriptEnabled=true, cssSelectorsEnabled=true, unexpectedAlertBehaviour=}]
Session ID: 9656bb631a6b64893907fe579b782822
*** Element info: {Using=css selector, value=button.jobs-s-apply__button}
	at sun.reflect.NativeConstructorAccessorImpl.newInstance0(Native Method)
	at sun.reflect.NativeConstructorAccessorImpl.newInstance(Unknown Source)
	at sun.reflect.DelegatingConstructorAccessorImpl.newInstance(Unknown Source)
	at java.lang.reflect.Constructor.newInstance(Unknown Source)
	at org.openqa.selenium.remote.ErrorHandler.createThrowable(ErrorHandler.java:206)
	at org.openqa.selenium.remote.ErrorHandler.throwIfResponseFailed(ErrorHandler.java:158)
	at org.openqa.selenium.remote.RemoteWebDriver.execute(RemoteWebDriver.java:678)
	at org.openqa.selenium.remote.RemoteWebDriver.findElement(RemoteWebDriver.java:363)
	at org.openqa.selenium.remote.RemoteWebDriver.findElementByCssSelector(RemoteWebDriver.java:492)
	at org.openqa.selenium.By$ByCssSelector.findElement(By.java:430)
	at org.openqa.selenium.remote.RemoteWebDriver.findElement(RemoteWebDriver.java:355)
	at sun.reflect.GeneratedMethodAccessor9.invoke(Unknown Source)
	at sun.reflect.DelegatingMethodAccessorImpl.invoke(Unknown Source)
	at java.lang.reflect.Method.invoke(Unknown Source)
	at org.openqa.selenium.support.events.EventFiringWebDriver$2.invoke(EventFiringWebDriver.java:103)
	at com.sun.proxy.$Proxy1.findElement(Unknown Source)
	at org.openqa.selenium.support.events.EventFiringWebDriver.findElement(EventFiringWebDriver.java:188)
	at org.openqa.selenium.remote.server.handler.FindElement.call(FindElement.java:48)
	at org.openqa.selenium.remote.server.handler.FindElement.call(FindElement.java:1)
	at java.util.concurrent.FutureTask.run(Unknown Source)
	at org.openqa.selenium.remote.server.DefaultSession$1.run(DefaultSession.java:176)
	at java.util.concurrent.ThreadPoolExecutor.runWorker(Unknown Source)
	at java.util.concurrent.ThreadPoolExecutor$Worker.run(Unknown Source)
	at java.lang.Thread.run(Unknown Source)
22:48:22.363 WARN - Exception: no such element: Unable to locate element: {"method":"css selector","selector":"button.jobs-s-apply__button"}
  (Session info: chrome=59.0.3071.115)
  (Driver info: chromedriver=2.30.477700 (0057494ad8732195794a7b32078424f92a5fce41),platform=Windows NT 10.0.15063 x86_64) (WARNING: The server did not provide any stacktrace information)
Command duration or timeout: 45 milliseconds
For documentation on this error, please visit: http://seleniumhq.org/exceptions/no_such_element.html
Build info: version: '2.50.1', revision: 'd7fc91b', time: '2016-01-29 19:08:26'
System info: host: 'LAPTOP-JNMEARUH', ip: '192.168.16.1', os.name: 'Windows 10', os.arch: 'amd64', os.version: '10.0', java.version: '1.8.0_101'
Driver info: org.openqa.selenium.chrome.ChromeDriver
Capabilities [{applicationCacheEnabled=false, rotatable=false, mobileEmulationEnabled=false, networkConnectionEnabled=false, chrome={chromedriverVersion=2.30.477700 (0057494ad8732195794a7b32078424f92a5fce41), userDataDir=C:\Users\daxes\AppData\Local\Temp\scoped_dir13660_1615}, takesHeapSnapshot=true, pageLoadStrategy=normal, databaseEnabled=false, handlesAlerts=true, hasTouchScreen=false, version=59.0.3071.115, platform=XP, browserConnectionEnabled=false, nativeEvents=true, acceptSslCerts=true, locationContextEnabled=true, webStorageEnabled=true, browserName=chrome, takesScreenshot=true, javascriptEnabled=true, cssSelectorsEnabled=true, unexpectedAlertBehaviour=}]
Session ID: 9656bb631a6b64893907fe579b782822
*** Element info: {Using=css selector, value=button.jobs-s-apply__button}
22:48:22.378 INFO - Executing: [get: https://www.linkedin.com/jobs/view/386742661/?recommendedFlavor=SCHOOL_RECRUIT&refId=5621683291500356572182&trk=d_flagship3_search_srp_jobs])
22:48:23.055 INFO - Done: [get: https://www.linkedin.com/jobs/view/386742661/?recommendedFlavor=SCHOOL_RECRUIT&refId=5621683291500356572182&trk=d_flagship3_search_srp_jobs]
22:48:34.072 INFO - Executing: [find elements: By.cssSelector: body])
22:48:34.088 INFO - Done: [find elements: By.cssSelector: body]
22:48:34.088 INFO - Executing: [find element: By.cssSelector: button.jobs-s-apply__button])
22:48:34.293 WARN - Exception thrown
org.openqa.selenium.NoSuchElementException: no such element: Unable to locate element: {"method":"css selector","selector":"button.jobs-s-apply__button"}
  (Session info: chrome=59.0.3071.115)
  (Driver info: chromedriver=2.30.477700 (0057494ad8732195794a7b32078424f92a5fce41),platform=Windows NT 10.0.15063 x86_64) (WARNING: The server did not provide any stacktrace information)
Command duration or timeout: 15 milliseconds
For documentation on this error, please visit: http://seleniumhq.org/exceptions/no_such_element.html
Build info: version: '2.50.1', revision: 'd7fc91b', time: '2016-01-29 19:08:26'
System info: host: 'LAPTOP-JNMEARUH', ip: '192.168.16.1', os.name: 'Windows 10', os.arch: 'amd64', os.version: '10.0', java.version: '1.8.0_101'
Driver info: org.openqa.selenium.chrome.ChromeDriver
Capabilities [{applicationCacheEnabled=false, rotatable=false, mobileEmulationEnabled=false, networkConnectionEnabled=false, chrome={chromedriverVersion=2.30.477700 (0057494ad8732195794a7b32078424f92a5fce41), userDataDir=C:\Users\daxes\AppData\Local\Temp\scoped_dir13660_1615}, takesHeapSnapshot=true, pageLoadStrategy=normal, databaseEnabled=false, handlesAlerts=true, hasTouchScreen=false, version=59.0.3071.115, platform=XP, browserConnectionEnabled=false, nativeEvents=true, acceptSslCerts=true, locationContextEnabled=true, webStorageEnabled=true, browserName=chrome, takesScreenshot=true, javascriptEnabled=true, cssSelectorsEnabled=true, unexpectedAlertBehaviour=}]
Session ID: 9656bb631a6b64893907fe579b782822
*** Element info: {Using=css selector, value=button.jobs-s-apply__button}
	at sun.reflect.NativeConstructorAccessorImpl.newInstance0(Native Method)
	at sun.reflect.NativeConstructorAccessorImpl.newInstance(Unknown Source)
	at sun.reflect.DelegatingConstructorAccessorImpl.newInstance(Unknown Source)
	at java.lang.reflect.Constructor.newInstance(Unknown Source)
	at org.openqa.selenium.remote.ErrorHandler.createThrowable(ErrorHandler.java:206)
	at org.openqa.selenium.remote.ErrorHandler.throwIfResponseFailed(ErrorHandler.java:158)
	at org.openqa.selenium.remote.RemoteWebDriver.execute(RemoteWebDriver.java:678)
	at org.openqa.selenium.remote.RemoteWebDriver.findElement(RemoteWebDriver.java:363)
	at org.openqa.selenium.remote.RemoteWebDriver.findElementByCssSelector(RemoteWebDriver.java:492)
	at org.openqa.selenium.By$ByCssSelector.findElement(By.java:430)
	at org.openqa.selenium.remote.RemoteWebDriver.findElement(RemoteWebDriver.java:355)
	at sun.reflect.GeneratedMethodAccessor9.invoke(Unknown Source)
	at sun.reflect.DelegatingMethodAccessorImpl.invoke(Unknown Source)
	at java.lang.reflect.Method.invoke(Unknown Source)
	at org.openqa.selenium.support.events.EventFiringWebDriver$2.invoke(EventFiringWebDriver.java:103)
	at com.sun.proxy.$Proxy1.findElement(Unknown Source)
	at org.openqa.selenium.support.events.EventFiringWebDriver.findElement(EventFiringWebDriver.java:188)
	at org.openqa.selenium.remote.server.handler.FindElement.call(FindElement.java:48)
	at org.openqa.selenium.remote.server.handler.FindElement.call(FindElement.java:1)
	at java.util.concurrent.FutureTask.run(Unknown Source)
	at org.openqa.selenium.remote.server.DefaultSession$1.run(DefaultSession.java:176)
	at java.util.concurrent.ThreadPoolExecutor.runWorker(Unknown Source)
	at java.util.concurrent.ThreadPoolExecutor$Worker.run(Unknown Source)
	at java.lang.Thread.run(Unknown Source)
22:48:34.294 WARN - Exception: no such element: Unable to locate element: {"method":"css selector","selector":"button.jobs-s-apply__button"}
  (Session info: chrome=59.0.3071.115)
  (Driver info: chromedriver=2.30.477700 (0057494ad8732195794a7b32078424f92a5fce41),platform=Windows NT 10.0.15063 x86_64) (WARNING: The server did not provide any stacktrace information)
Command duration or timeout: 15 milliseconds
For documentation on this error, please visit: http://seleniumhq.org/exceptions/no_such_element.html
Build info: version: '2.50.1', revision: 'd7fc91b', time: '2016-01-29 19:08:26'
System info: host: 'LAPTOP-JNMEARUH', ip: '192.168.16.1', os.name: 'Windows 10', os.arch: 'amd64', os.version: '10.0', java.version: '1.8.0_101'
Driver info: org.openqa.selenium.chrome.ChromeDriver
Capabilities [{applicationCacheEnabled=false, rotatable=false, mobileEmulationEnabled=false, networkConnectionEnabled=false, chrome={chromedriverVersion=2.30.477700 (0057494ad8732195794a7b32078424f92a5fce41), userDataDir=C:\Users\daxes\AppData\Local\Temp\scoped_dir13660_1615}, takesHeapSnapshot=true, pageLoadStrategy=normal, databaseEnabled=false, handlesAlerts=true, hasTouchScreen=false, version=59.0.3071.115, platform=XP, browserConnectionEnabled=false, nativeEvents=true, acceptSslCerts=true, locationContextEnabled=true, webStorageEnabled=true, browserName=chrome, takesScreenshot=true, javascriptEnabled=true, cssSelectorsEnabled=true, unexpectedAlertBehaviour=}]
Session ID: 9656bb631a6b64893907fe579b782822
*** Element info: {Using=css selector, value=button.jobs-s-apply__button}
22:48:34.309 INFO - Executing: [get: https://www.linkedin.com/jobs/view/382393765/?recommendedFlavor=SCHOOL_RECRUIT&refId=5621683291500356602225&trk=d_flagship3_search_srp_jobs])
22:48:34.773 INFO - Done: [get: https://www.linkedin.com/jobs/view/382393765/?recommendedFlavor=SCHOOL_RECRUIT&refId=5621683291500356602225&trk=d_flagship3_search_srp_jobs]
22:48:45.789 INFO - Executing: [find elements: By.cssSelector: body])
22:48:45.820 INFO - Done: [find elements: By.cssSelector: body]
22:48:45.820 INFO - Executing: [find element: By.cssSelector: button.jobs-s-apply__button])
22:48:46.058 WARN - Exception thrown
org.openqa.selenium.NoSuchElementException: no such element: Unable to locate element: {"method":"css selector","selector":"button.jobs-s-apply__button"}
  (Session info: chrome=59.0.3071.115)
  (Driver info: chromedriver=2.30.477700 (0057494ad8732195794a7b32078424f92a5fce41),platform=Windows NT 10.0.15063 x86_64) (WARNING: The server did not provide any stacktrace information)
Command duration or timeout: 60 milliseconds
For documentation on this error, please visit: http://seleniumhq.org/exceptions/no_such_element.html
Build info: version: '2.50.1', revision: 'd7fc91b', time: '2016-01-29 19:08:26'
System info: host: 'LAPTOP-JNMEARUH', ip: '192.168.16.1', os.name: 'Windows 10', os.arch: 'amd64', os.version: '10.0', java.version: '1.8.0_101'
Driver info: org.openqa.selenium.chrome.ChromeDriver
Capabilities [{applicationCacheEnabled=false, rotatable=false, mobileEmulationEnabled=false, networkConnectionEnabled=false, chrome={chromedriverVersion=2.30.477700 (0057494ad8732195794a7b32078424f92a5fce41), userDataDir=C:\Users\daxes\AppData\Local\Temp\scoped_dir13660_1615}, takesHeapSnapshot=true, pageLoadStrategy=normal, databaseEnabled=false, handlesAlerts=true, hasTouchScreen=false, version=59.0.3071.115, platform=XP, browserConnectionEnabled=false, nativeEvents=true, acceptSslCerts=true, locationContextEnabled=true, webStorageEnabled=true, browserName=chrome, takesScreenshot=true, javascriptEnabled=true, cssSelectorsEnabled=true, unexpectedAlertBehaviour=}]
Session ID: 9656bb631a6b64893907fe579b782822
*** Element info: {Using=css selector, value=button.jobs-s-apply__button}
	at sun.reflect.NativeConstructorAccessorImpl.newInstance0(Native Method)
	at sun.reflect.NativeConstructorAccessorImpl.newInstance(Unknown Source)
	at sun.reflect.DelegatingConstructorAccessorImpl.newInstance(Unknown Source)
	at java.lang.reflect.Constructor.newInstance(Unknown Source)
	at org.openqa.selenium.remote.ErrorHandler.createThrowable(ErrorHandler.java:206)
	at org.openqa.selenium.remote.ErrorHandler.throwIfResponseFailed(ErrorHandler.java:158)
	at org.openqa.selenium.remote.RemoteWebDriver.execute(RemoteWebDriver.java:678)
	at org.openqa.selenium.remote.RemoteWebDriver.findElement(RemoteWebDriver.java:363)
	at org.openqa.selenium.remote.RemoteWebDriver.findElementByCssSelector(RemoteWebDriver.java:492)
	at org.openqa.selenium.By$ByCssSelector.findElement(By.java:430)
	at org.openqa.selenium.remote.RemoteWebDriver.findElement(RemoteWebDriver.java:355)
	at sun.reflect.GeneratedMethodAccessor9.invoke(Unknown Source)
	at sun.reflect.DelegatingMethodAccessorImpl.invoke(Unknown Source)
	at java.lang.reflect.Method.invoke(Unknown Source)
	at org.openqa.selenium.support.events.EventFiringWebDriver$2.invoke(EventFiringWebDriver.java:103)
	at com.sun.proxy.$Proxy1.findElement(Unknown Source)
	at org.openqa.selenium.support.events.EventFiringWebDriver.findElement(EventFiringWebDriver.java:188)
	at org.openqa.selenium.remote.server.handler.FindElement.call(FindElement.java:48)
	at org.openqa.selenium.remote.server.handler.FindElement.call(FindElement.java:1)
	at java.util.concurrent.FutureTask.run(Unknown Source)
	at org.openqa.selenium.remote.server.DefaultSession$1.run(DefaultSession.java:176)
	at java.util.concurrent.ThreadPoolExecutor.runWorker(Unknown Source)
	at java.util.concurrent.ThreadPoolExecutor$Worker.run(Unknown Source)
	at java.lang.Thread.run(Unknown Source)
22:48:46.073 WARN - Exception: no such element: Unable to locate element: {"method":"css selector","selector":"button.jobs-s-apply__button"}
  (Session info: chrome=59.0.3071.115)
  (Driver info: chromedriver=2.30.477700 (0057494ad8732195794a7b32078424f92a5fce41),platform=Windows NT 10.0.15063 x86_64) (WARNING: The server did not provide any stacktrace information)
Command duration or timeout: 60 milliseconds
For documentation on this error, please visit: http://seleniumhq.org/exceptions/no_such_element.html
Build info: version: '2.50.1', revision: 'd7fc91b', time: '2016-01-29 19:08:26'
System info: host: 'LAPTOP-JNMEARUH', ip: '192.168.16.1', os.name: 'Windows 10', os.arch: 'amd64', os.version: '10.0', java.version: '1.8.0_101'
Driver info: org.openqa.selenium.chrome.ChromeDriver
Capabilities [{applicationCacheEnabled=false, rotatable=false, mobileEmulationEnabled=false, networkConnectionEnabled=false, chrome={chromedriverVersion=2.30.477700 (0057494ad8732195794a7b32078424f92a5fce41), userDataDir=C:\Users\daxes\AppData\Local\Temp\scoped_dir13660_1615}, takesHeapSnapshot=true, pageLoadStrategy=normal, databaseEnabled=false, handlesAlerts=true, hasTouchScreen=false, version=59.0.3071.115, platform=XP, browserConnectionEnabled=false, nativeEvents=true, acceptSslCerts=true, locationContextEnabled=true, webStorageEnabled=true, browserName=chrome, takesScreenshot=true, javascriptEnabled=true, cssSelectorsEnabled=true, unexpectedAlertBehaviour=}]
Session ID: 9656bb631a6b64893907fe579b782822
*** Element info: {Using=css selector, value=button.jobs-s-apply__button}
22:48:46.105 INFO - Executing: [get: https://www.linkedin.com/jobs/view/380830593/?recommendedFlavor=HIDDEN_GEM&refId=5621683291500356602225&trk=d_flagship3_search_srp_jobs])
22:48:46.539 INFO - Done: [get: https://www.linkedin.com/jobs/view/380830593/?recommendedFlavor=HIDDEN_GEM&refId=5621683291500356602225&trk=d_flagship3_search_srp_jobs]
22:48:57.553 INFO - Executing: [find elements: By.cssSelector: body])
22:48:57.575 INFO - Done: [find elements: By.cssSelector: body]
22:48:57.590 INFO - Executing: [find element: By.cssSelector: button.jobs-s-apply__button])
22:48:57.806 WARN - Exception thrown
org.openqa.selenium.NoSuchElementException: no such element: Unable to locate element: {"method":"css selector","selector":"button.jobs-s-apply__button"}
  (Session info: chrome=59.0.3071.115)
  (Driver info: chromedriver=2.30.477700 (0057494ad8732195794a7b32078424f92a5fce41),platform=Windows NT 10.0.15063 x86_64) (WARNING: The server did not provide any stacktrace information)
Command duration or timeout: 29 milliseconds
For documentation on this error, please visit: http://seleniumhq.org/exceptions/no_such_element.html
Build info: version: '2.50.1', revision: 'd7fc91b', time: '2016-01-29 19:08:26'
System info: host: 'LAPTOP-JNMEARUH', ip: '192.168.16.1', os.name: 'Windows 10', os.arch: 'amd64', os.version: '10.0', java.version: '1.8.0_101'
Driver info: org.openqa.selenium.chrome.ChromeDriver
Capabilities [{applicationCacheEnabled=false, rotatable=false, mobileEmulationEnabled=false, networkConnectionEnabled=false, chrome={chromedriverVersion=2.30.477700 (0057494ad8732195794a7b32078424f92a5fce41), userDataDir=C:\Users\daxes\AppData\Local\Temp\scoped_dir13660_1615}, takesHeapSnapshot=true, pageLoadStrategy=normal, databaseEnabled=false, handlesAlerts=true, hasTouchScreen=false, version=59.0.3071.115, platform=XP, browserConnectionEnabled=false, nativeEvents=true, acceptSslCerts=true, locationContextEnabled=true, webStorageEnabled=true, browserName=chrome, takesScreenshot=true, javascriptEnabled=true, cssSelectorsEnabled=true, unexpectedAlertBehaviour=}]
Session ID: 9656bb631a6b64893907fe579b782822
*** Element info: {Using=css selector, value=button.jobs-s-apply__button}
	at sun.reflect.NativeConstructorAccessorImpl.newInstance0(Native Method)
	at sun.reflect.NativeConstructorAccessorImpl.newInstance(Unknown Source)
	at sun.reflect.DelegatingConstructorAccessorImpl.newInstance(Unknown Source)
	at java.lang.reflect.Constructor.newInstance(Unknown Source)
	at org.openqa.selenium.remote.ErrorHandler.createThrowable(ErrorHandler.java:206)
	at org.openqa.selenium.remote.ErrorHandler.throwIfResponseFailed(ErrorHandler.java:158)
	at org.openqa.selenium.remote.RemoteWebDriver.execute(RemoteWebDriver.java:678)
	at org.openqa.selenium.remote.RemoteWebDriver.findElement(RemoteWebDriver.java:363)
	at org.openqa.selenium.remote.RemoteWebDriver.findElementByCssSelector(RemoteWebDriver.java:492)
	at org.openqa.selenium.By$ByCssSelector.findElement(By.java:430)
	at org.openqa.selenium.remote.RemoteWebDriver.findElement(RemoteWebDriver.java:355)
	at sun.reflect.GeneratedMethodAccessor9.invoke(Unknown Source)
	at sun.reflect.DelegatingMethodAccessorImpl.invoke(Unknown Source)
	at java.lang.reflect.Method.invoke(Unknown Source)
	at org.openqa.selenium.support.events.EventFiringWebDriver$2.invoke(EventFiringWebDriver.java:103)
	at com.sun.proxy.$Proxy1.findElement(Unknown Source)
	at org.openqa.selenium.support.events.EventFiringWebDriver.findElement(EventFiringWebDriver.java:188)
	at org.openqa.selenium.remote.server.handler.FindElement.call(FindElement.java:48)
	at org.openqa.selenium.remote.server.handler.FindElement.call(FindElement.java:1)
	at java.util.concurrent.FutureTask.run(Unknown Source)
	at org.openqa.selenium.remote.server.DefaultSession$1.run(DefaultSession.java:176)
	at java.util.concurrent.ThreadPoolExecutor.runWorker(Unknown Source)
	at java.util.concurrent.ThreadPoolExecutor$Worker.run(Unknown Source)
	at java.lang.Thread.run(Unknown Source)
22:48:57.806 WARN - Exception: no such element: Unable to locate element: {"method":"css selector","selector":"button.jobs-s-apply__button"}
  (Session info: chrome=59.0.3071.115)
  (Driver info: chromedriver=2.30.477700 (0057494ad8732195794a7b32078424f92a5fce41),platform=Windows NT 10.0.15063 x86_64) (WARNING: The server did not provide any stacktrace information)
Command duration or timeout: 29 milliseconds
For documentation on this error, please visit: http://seleniumhq.org/exceptions/no_such_element.html
Build info: version: '2.50.1', revision: 'd7fc91b', time: '2016-01-29 19:08:26'
System info: host: 'LAPTOP-JNMEARUH', ip: '192.168.16.1', os.name: 'Windows 10', os.arch: 'amd64', os.version: '10.0', java.version: '1.8.0_101'
Driver info: org.openqa.selenium.chrome.ChromeDriver
Capabilities [{applicationCacheEnabled=false, rotatable=false, mobileEmulationEnabled=false, networkConnectionEnabled=false, chrome={chromedriverVersion=2.30.477700 (0057494ad8732195794a7b32078424f92a5fce41), userDataDir=C:\Users\daxes\AppData\Local\Temp\scoped_dir13660_1615}, takesHeapSnapshot=true, pageLoadStrategy=normal, databaseEnabled=false, handlesAlerts=true, hasTouchScreen=false, version=59.0.3071.115, platform=XP, browserConnectionEnabled=false, nativeEvents=true, acceptSslCerts=true, locationContextEnabled=true, webStorageEnabled=true, browserName=chrome, takesScreenshot=true, javascriptEnabled=true, cssSelectorsEnabled=true, unexpectedAlertBehaviour=}]
Session ID: 9656bb631a6b64893907fe579b782822
*** Element info: {Using=css selector, value=button.jobs-s-apply__button}
22:48:57.822 INFO - Executing: [get: https://www.linkedin.com/jobs/view/305630434/?recommendedFlavor=SCHOOL_RECRUIT&refId=5621683291500356602225&trk=d_flagship3_search_srp_jobs])
22:48:58.431 INFO - Done: [get: https://www.linkedin.com/jobs/view/305630434/?recommendedFlavor=SCHOOL_RECRUIT&refId=5621683291500356602225&trk=d_flagship3_search_srp_jobs]
22:49:09.452 INFO - Executing: [find elements: By.cssSelector: body])
22:49:09.484 INFO - Done: [find elements: By.cssSelector: body]
22:49:09.488 INFO - Executing: [find element: By.cssSelector: button.jobs-s-apply__button])
22:49:09.691 WARN - Exception thrown
org.openqa.selenium.NoSuchElementException: no such element: Unable to locate element: {"method":"css selector","selector":"button.jobs-s-apply__button"}
  (Session info: chrome=59.0.3071.115)
  (Driver info: chromedriver=2.30.477700 (0057494ad8732195794a7b32078424f92a5fce41),platform=Windows NT 10.0.15063 x86_64) (WARNING: The server did not provide any stacktrace information)
Command duration or timeout: 22 milliseconds
For documentation on this error, please visit: http://seleniumhq.org/exceptions/no_such_element.html
Build info: version: '2.50.1', revision: 'd7fc91b', time: '2016-01-29 19:08:26'
System info: host: 'LAPTOP-JNMEARUH', ip: '192.168.16.1', os.name: 'Windows 10', os.arch: 'amd64', os.version: '10.0', java.version: '1.8.0_101'
Driver info: org.openqa.selenium.chrome.ChromeDriver
Capabilities [{applicationCacheEnabled=false, rotatable=false, mobileEmulationEnabled=false, networkConnectionEnabled=false, chrome={chromedriverVersion=2.30.477700 (0057494ad8732195794a7b32078424f92a5fce41), userDataDir=C:\Users\daxes\AppData\Local\Temp\scoped_dir13660_1615}, takesHeapSnapshot=true, pageLoadStrategy=normal, databaseEnabled=false, handlesAlerts=true, hasTouchScreen=false, version=59.0.3071.115, platform=XP, browserConnectionEnabled=false, nativeEvents=true, acceptSslCerts=true, locationContextEnabled=true, webStorageEnabled=true, browserName=chrome, takesScreenshot=true, javascriptEnabled=true, cssSelectorsEnabled=true, unexpectedAlertBehaviour=}]
Session ID: 9656bb631a6b64893907fe579b782822
*** Element info: {Using=css selector, value=button.jobs-s-apply__button}
	at sun.reflect.NativeConstructorAccessorImpl.newInstance0(Native Method)
	at sun.reflect.NativeConstructorAccessorImpl.newInstance(Unknown Source)
	at sun.reflect.DelegatingConstructorAccessorImpl.newInstance(Unknown Source)
	at java.lang.reflect.Constructor.newInstance(Unknown Source)
	at org.openqa.selenium.remote.ErrorHandler.createThrowable(ErrorHandler.java:206)
	at org.openqa.selenium.remote.ErrorHandler.throwIfResponseFailed(ErrorHandler.java:158)
	at org.openqa.selenium.remote.RemoteWebDriver.execute(RemoteWebDriver.java:678)
	at org.openqa.selenium.remote.RemoteWebDriver.findElement(RemoteWebDriver.java:363)
	at org.openqa.selenium.remote.RemoteWebDriver.findElementByCssSelector(RemoteWebDriver.java:492)
	at org.openqa.selenium.By$ByCssSelector.findElement(By.java:430)
	at org.openqa.selenium.remote.RemoteWebDriver.findElement(RemoteWebDriver.java:355)
	at sun.reflect.GeneratedMethodAccessor9.invoke(Unknown Source)
	at sun.reflect.DelegatingMethodAccessorImpl.invoke(Unknown Source)
	at java.lang.reflect.Method.invoke(Unknown Source)
	at org.openqa.selenium.support.events.EventFiringWebDriver$2.invoke(EventFiringWebDriver.java:103)
	at com.sun.proxy.$Proxy1.findElement(Unknown Source)
	at org.openqa.selenium.support.events.EventFiringWebDriver.findElement(EventFiringWebDriver.java:188)
	at org.openqa.selenium.remote.server.handler.FindElement.call(FindElement.java:48)
	at org.openqa.selenium.remote.server.handler.FindElement.call(FindElement.java:1)
	at java.util.concurrent.FutureTask.run(Unknown Source)
	at org.openqa.selenium.remote.server.DefaultSession$1.run(DefaultSession.java:176)
	at java.util.concurrent.ThreadPoolExecutor.runWorker(Unknown Source)
	at java.util.concurrent.ThreadPoolExecutor$Worker.run(Unknown Source)
	at java.lang.Thread.run(Unknown Source)
22:49:09.691 WARN - Exception: no such element: Unable to locate element: {"method":"css selector","selector":"button.jobs-s-apply__button"}
  (Session info: chrome=59.0.3071.115)
  (Driver info: chromedriver=2.30.477700 (0057494ad8732195794a7b32078424f92a5fce41),platform=Windows NT 10.0.15063 x86_64) (WARNING: The server did not provide any stacktrace information)
Command duration or timeout: 22 milliseconds
For documentation on this error, please visit: http://seleniumhq.org/exceptions/no_such_element.html
Build info: version: '2.50.1', revision: 'd7fc91b', time: '2016-01-29 19:08:26'
System info: host: 'LAPTOP-JNMEARUH', ip: '192.168.16.1', os.name: 'Windows 10', os.arch: 'amd64', os.version: '10.0', java.version: '1.8.0_101'
Driver info: org.openqa.selenium.chrome.ChromeDriver
Capabilities [{applicationCacheEnabled=false, rotatable=false, mobileEmulationEnabled=false, networkConnectionEnabled=false, chrome={chromedriverVersion=2.30.477700 (0057494ad8732195794a7b32078424f92a5fce41), userDataDir=C:\Users\daxes\AppData\Local\Temp\scoped_dir13660_1615}, takesHeapSnapshot=true, pageLoadStrategy=normal, databaseEnabled=false, handlesAlerts=true, hasTouchScreen=false, version=59.0.3071.115, platform=XP, browserConnectionEnabled=false, nativeEvents=true, acceptSslCerts=true, locationContextEnabled=true, webStorageEnabled=true, browserName=chrome, takesScreenshot=true, javascriptEnabled=true, cssSelectorsEnabled=true, unexpectedAlertBehaviour=}]
Session ID: 9656bb631a6b64893907fe579b782822
*** Element info: {Using=css selector, value=button.jobs-s-apply__button}
22:49:09.722 INFO - Executing: [get: https://www.linkedin.com/jobs/view/374371731/?refId=5621683291500356662622&trk=d_flagship3_search_srp_jobs])
22:49:10.406 INFO - Done: [get: https://www.linkedin.com/jobs/view/374371731/?refId=5621683291500356662622&trk=d_flagship3_search_srp_jobs]
22:49:21.420 INFO - Executing: [find elements: By.cssSelector: body])
22:49:21.454 INFO - Done: [find elements: By.cssSelector: body]
22:49:21.459 INFO - Executing: [find element: By.cssSelector: button.jobs-s-apply__button])
22:49:21.652 WARN - Exception thrown
org.openqa.selenium.NoSuchElementException: no such element: Unable to locate element: {"method":"css selector","selector":"button.jobs-s-apply__button"}
  (Session info: chrome=59.0.3071.115)
  (Driver info: chromedriver=2.30.477700 (0057494ad8732195794a7b32078424f92a5fce41),platform=Windows NT 10.0.15063 x86_64) (WARNING: The server did not provide any stacktrace information)
Command duration or timeout: 13 milliseconds
For documentation on this error, please visit: http://seleniumhq.org/exceptions/no_such_element.html
Build info: version: '2.50.1', revision: 'd7fc91b', time: '2016-01-29 19:08:26'
System info: host: 'LAPTOP-JNMEARUH', ip: '192.168.16.1', os.name: 'Windows 10', os.arch: 'amd64', os.version: '10.0', java.version: '1.8.0_101'
Driver info: org.openqa.selenium.chrome.ChromeDriver
Capabilities [{applicationCacheEnabled=false, rotatable=false, mobileEmulationEnabled=false, networkConnectionEnabled=false, chrome={chromedriverVersion=2.30.477700 (0057494ad8732195794a7b32078424f92a5fce41), userDataDir=C:\Users\daxes\AppData\Local\Temp\scoped_dir13660_1615}, takesHeapSnapshot=true, pageLoadStrategy=normal, databaseEnabled=false, handlesAlerts=true, hasTouchScreen=false, version=59.0.3071.115, platform=XP, browserConnectionEnabled=false, nativeEvents=true, acceptSslCerts=true, locationContextEnabled=true, webStorageEnabled=true, browserName=chrome, takesScreenshot=true, javascriptEnabled=true, cssSelectorsEnabled=true, unexpectedAlertBehaviour=}]
Session ID: 9656bb631a6b64893907fe579b782822
*** Element info: {Using=css selector, value=button.jobs-s-apply__button}
	at sun.reflect.NativeConstructorAccessorImpl.newInstance0(Native Method)
	at sun.reflect.NativeConstructorAccessorImpl.newInstance(Unknown Source)
	at sun.reflect.DelegatingConstructorAccessorImpl.newInstance(Unknown Source)
	at java.lang.reflect.Constructor.newInstance(Unknown Source)
	at org.openqa.selenium.remote.ErrorHandler.createThrowable(ErrorHandler.java:206)
	at org.openqa.selenium.remote.ErrorHandler.throwIfResponseFailed(ErrorHandler.java:158)
	at org.openqa.selenium.remote.RemoteWebDriver.execute(RemoteWebDriver.java:678)
	at org.openqa.selenium.remote.RemoteWebDriver.findElement(RemoteWebDriver.java:363)
	at org.openqa.selenium.remote.RemoteWebDriver.findElementByCssSelector(RemoteWebDriver.java:492)
	at org.openqa.selenium.By$ByCssSelector.findElement(By.java:430)
	at org.openqa.selenium.remote.RemoteWebDriver.findElement(RemoteWebDriver.java:355)
	at sun.reflect.GeneratedMethodAccessor9.invoke(Unknown Source)
	at sun.reflect.DelegatingMethodAccessorImpl.invoke(Unknown Source)
	at java.lang.reflect.Method.invoke(Unknown Source)
	at org.openqa.selenium.support.events.EventFiringWebDriver$2.invoke(EventFiringWebDriver.java:103)
	at com.sun.proxy.$Proxy1.findElement(Unknown Source)
	at org.openqa.selenium.support.events.EventFiringWebDriver.findElement(EventFiringWebDriver.java:188)
	at org.openqa.selenium.remote.server.handler.FindElement.call(FindElement.java:48)
	at org.openqa.selenium.remote.server.handler.FindElement.call(FindElement.java:1)
	at java.util.concurrent.FutureTask.run(Unknown Source)
	at org.openqa.selenium.remote.server.DefaultSession$1.run(DefaultSession.java:176)
	at java.util.concurrent.ThreadPoolExecutor.runWorker(Unknown Source)
	at java.util.concurrent.ThreadPoolExecutor$Worker.run(Unknown Source)
	at java.lang.Thread.run(Unknown Source)
22:49:21.652 WARN - Exception: no such element: Unable to locate element: {"method":"css selector","selector":"button.jobs-s-apply__button"}
  (Session info: chrome=59.0.3071.115)
  (Driver info: chromedriver=2.30.477700 (0057494ad8732195794a7b32078424f92a5fce41),platform=Windows NT 10.0.15063 x86_64) (WARNING: The server did not provide any stacktrace information)
Command duration or timeout: 13 milliseconds
For documentation on this error, please visit: http://seleniumhq.org/exceptions/no_such_element.html
Build info: version: '2.50.1', revision: 'd7fc91b', time: '2016-01-29 19:08:26'
System info: host: 'LAPTOP-JNMEARUH', ip: '192.168.16.1', os.name: 'Windows 10', os.arch: 'amd64', os.version: '10.0', java.version: '1.8.0_101'
Driver info: org.openqa.selenium.chrome.ChromeDriver
Capabilities [{applicationCacheEnabled=false, rotatable=false, mobileEmulationEnabled=false, networkConnectionEnabled=false, chrome={chromedriverVersion=2.30.477700 (0057494ad8732195794a7b32078424f92a5fce41), userDataDir=C:\Users\daxes\AppData\Local\Temp\scoped_dir13660_1615}, takesHeapSnapshot=true, pageLoadStrategy=normal, databaseEnabled=false, handlesAlerts=true, hasTouchScreen=false, version=59.0.3071.115, platform=XP, browserConnectionEnabled=false, nativeEvents=true, acceptSslCerts=true, locationContextEnabled=true, webStorageEnabled=true, browserName=chrome, takesScreenshot=true, javascriptEnabled=true, cssSelectorsEnabled=true, unexpectedAlertBehaviour=}]
Session ID: 9656bb631a6b64893907fe579b782822
*** Element info: {Using=css selector, value=button.jobs-s-apply__button}
22:49:21.684 INFO - Executing: [find elements: By.cssSelector: body])
22:49:21.701 INFO - Done: [find elements: By.cssSelector: body]
22:49:28.760 INFO - Executing: [find elements: By.cssSelector: #login-email])
22:49:28.782 INFO - Done: [find elements: By.cssSelector: #login-email]
22:49:29.289 INFO - Executing: [find elements: By.cssSelector: #login-email])
22:49:29.307 INFO - Done: [find elements: By.cssSelector: #login-email]
22:49:29.830 INFO - Executing: [find elements: By.cssSelector: #login-email])
22:49:29.846 INFO - Done: [find elements: By.cssSelector: #login-email]
22:49:30.362 INFO - Executing: [find elements: By.cssSelector: #login-email])
22:49:30.377 INFO - Done: [find elements: By.cssSelector: #login-email]
22:49:30.884 INFO - Executing: [find elements: By.cssSelector: #login-email])
22:49:30.917 INFO - Done: [find elements: By.cssSelector: #login-email]
22:49:30.918 INFO - Executing: [delete session: 70d93d0f-57a9-484a-9202-3ebfce73da36])
22:49:32.303 INFO - Done: [delete session: 70d93d0f-57a9-484a-9202-3ebfce73da36]
